#
# There is insufficient memory for the Java Runtime Environment to continue.
# Native memory allocation (malloc) failed to allocate 541648 bytes for Chunk::new
# Possible reasons:
#   The system is out of physical RAM or swap space
#   The process is running with CompressedOops enabled, and the Java Heap may be blocking the growth of the native heap
# Possible solutions:
#   Reduce memory load on the system
#   Increase physical memory or swap space
#   Check if swap backing store is full
#   Decrease Java heap size (-Xmx/-Xms)
#   Decrease number of Java threads
#   Decrease Java thread stack sizes (-Xss)
#   Set larger code cache with -XX:ReservedCodeCacheSize=
#   JVM is running with Unscaled Compressed Oops mode in which the Java heap is
#     placed in the first 4GB address space. The Java Heap base address is the
#     maximum limit for the native heap growth. Please use -XX:HeapBaseMinAddress
#     to set the Java Heap base and to place the Java Heap above 4GB virtual address.
# This output file may be truncated or incomplete.
#
#  Out of Memory Error (allocation.cpp:390), pid=23372, tid=0x0000000000003770
#
# JRE version: Java(TM) SE Runtime Environment (8.0_201-b09) (build 1.8.0_201-b09)
# Java VM: Java HotSpot(TM) 64-Bit Server VM (25.201-b09 mixed mode windows-amd64 compressed oops)
# Failed to write core dump. Minidumps are not enabled by default on client versions of Windows
#

---------------  T H R E A D  ---------------

Current thread (0x000000001a589000):  JavaThread "C2 CompilerThread1" daemon [_thread_in_native, id=14192, stack(0x000000001aff0000,0x000000001b0f0000)]

Stack: [0x000000001aff0000,0x000000001b0f0000]
[error occurred during error reporting (printing stack bounds), id 0xc0000005]

Native frames: (J=compiled Java code, j=interpreted, Vv=VM code, C=native code)


Current CompileTask:
C2:   5237 1582       4       java.net.URLClassLoader$1::run (5 bytes)


---------------  P R O C E S S  ---------------

Java Threads: ( => current thread )
  0x000000001a60c000 JavaThread "Service Thread" daemon [_thread_blocked, id=28012, stack(0x000000001b2f0000,0x000000001b3f0000)]
  0x000000001a594000 JavaThread "C1 CompilerThread3" daemon [_thread_blocked, id=15416, stack(0x000000001b1f0000,0x000000001b2f0000)]
  0x000000001a58d000 JavaThread "C2 CompilerThread2" daemon [_thread_in_native, id=19740, stack(0x000000001b0f0000,0x000000001b1f0000)]
=>0x000000001a589000 JavaThread "C2 CompilerThread1" daemon [_thread_in_native, id=14192, stack(0x000000001aff0000,0x000000001b0f0000)]
  0x000000001a588000 JavaThread "C2 CompilerThread0" daemon [_thread_in_native, id=16912, stack(0x000000001aef0000,0x000000001aff0000)]
  0x000000001a56e800 JavaThread "Monitor Ctrl-Break" daemon [_thread_in_native, id=10256, stack(0x000000001adf0000,0x000000001aef0000)]
  0x000000001a55f000 JavaThread "Attach Listener" daemon [_thread_blocked, id=980, stack(0x000000001acf0000,0x000000001adf0000)]
  0x000000001a50b800 JavaThread "Signal Dispatcher" daemon [_thread_blocked, id=28676, stack(0x000000001abf0000,0x000000001acf0000)]
  0x000000001a4f1800 JavaThread "Finalizer" daemon [_thread_blocked, id=28568, stack(0x000000001a9d0000,0x000000001aad0000)]
  0x000000001a4f0800 JavaThread "Reference Handler" daemon [_thread_blocked, id=11292, stack(0x000000001a8d0000,0x000000001a9d0000)]
  0x00000000035ce800 JavaThread "main" [_thread_in_vm, id=7868, stack(0x0000000003420000,0x0000000003520000)]

Other Threads:
  0x00000000186e9800 VMThread [stack: 0x000000001a3d0000,0x000000001a4d0000] [id=28664]
  0x000000001a62a800 WatcherThread [stack: 0x000000001b3f0000,0x000000001b4f0000] [id=3132]

VM state:not at safepoint (normal execution)

VM Mutex/Monitor currently owned by a thread: None

heap address: 0x0000000082200000, size: 2014 MB, Compressed Oops mode: 32-bit
Narrow klass base: 0x0000000000000000, Narrow klass shift: 3
Compressed class space size: 1073741824 Address: 0x0000000100000000

Heap:
 PSYoungGen      total 37888K, used 5891K [0x00000000d6100000, 0x00000000d8b00000, 0x0000000100000000)
  eden space 32768K, 2% used [0x00000000d6100000,0x00000000d61c2df8,0x00000000d8100000)
  from space 5120K, 99% used [0x00000000d8100000,0x00000000d85fe010,0x00000000d8600000)
  to   space 5120K, 0% used [0x00000000d8600000,0x00000000d8600000,0x00000000d8b00000)
 ParOldGen       total 86016K, used 4461K [0x0000000082200000, 0x0000000087600000, 0x00000000d6100000)
  object space 86016K, 5% used [0x0000000082200000,0x000000008265b690,0x0000000087600000)
 Metaspace       used 15241K, capacity 15562K, committed 15872K, reserved 1062912K
  class space    used 1870K, capacity 1974K, committed 2048K, reserved 1048576K

Card table byte_map: [0x0000000012b90000,0x0000000012f80000] byte_map_base: 0x000000001277f000

Marking Bits: (ParMarkBitMap*) 0x000000006cff4ce0
 Begin Bits: [0x0000000013a20000, 0x0000000015998000)
 End Bits:   [0x0000000015998000, 0x0000000017910000)

Polling page: 0x0000000001870000

CodeCache: size=245760Kb used=5901Kb max_used=5901Kb free=239858Kb
 bounds [0x00000000037d0000, 0x0000000003da0000, 0x00000000127d0000]
 total_blobs=2078 nmethods=1710 adapters=280
 compilation: enabled

Compilation events (10 events):
Event: 5.234 Thread 0x000000001a594000 nmethod 1711 0x0000000003d91cd0 code [0x0000000003d91fa0, 0x0000000003d93488]
Event: 5.234 Thread 0x000000001a594000 1714       3       org.apache.maven.model.interpolation.StringVisitorModelInterpolator$ModelVisitor::visit (231 bytes)
Event: 5.235 Thread 0x000000001a594000 nmethod 1714 0x0000000003d93ed0 code [0x0000000003d94220, 0x0000000003d95ad8]
Event: 5.235 Thread 0x000000001a594000 1708       1       org.apache.maven.model.Dependency::getOptional (5 bytes)
Event: 5.235 Thread 0x000000001a594000 nmethod 1708 0x0000000003d8ac90 code [0x0000000003d8ade0, 0x0000000003d8aef0]
Event: 5.236 Thread 0x000000001a594000 1715       3       org.apache.maven.model.Dependency::getExclusions (23 bytes)
Event: 5.236 Thread 0x000000001a594000 nmethod 1715 0x0000000003d8a610 code [0x0000000003d8a780, 0x0000000003d8ab10]
Event: 5.236 Thread 0x000000001a594000 1712  s    3       java.util.Vector::elementAt (48 bytes)
Event: 5.236 Thread 0x000000001a594000 nmethod 1712 0x0000000003d96850 code [0x0000000003d96a60, 0x0000000003d97608]
Event: 5.236 Thread 0x000000001a594000 1717       3       org.codehaus.plexus.interpolation.PrefixedValueSourceWrapper::getValue (39 bytes)

GC Heap History (6 events):
Event: 4.299 GC heap before
{Heap before GC invocations=1 (full 0):
 PSYoungGen      total 37888K, used 32768K [0x00000000d6100000, 0x00000000d8b00000, 0x0000000100000000)
  eden space 32768K, 100% used [0x00000000d6100000,0x00000000d8100000,0x00000000d8100000)
  from space 5120K, 0% used [0x00000000d8600000,0x00000000d8600000,0x00000000d8b00000)
  to   space 5120K, 0% used [0x00000000d8100000,0x00000000d8100000,0x00000000d8600000)
 ParOldGen       total 86016K, used 0K [0x0000000082200000, 0x0000000087600000, 0x00000000d6100000)
  object space 86016K, 0% used [0x0000000082200000,0x0000000082200000,0x0000000087600000)
 Metaspace       used 8773K, capacity 8956K, committed 9088K, reserved 1056768K
  class space    used 1047K, capacity 1112K, committed 1152K, reserved 1048576K
Event: 4.305 GC heap after
Heap after GC invocations=1 (full 0):
 PSYoungGen      total 37888K, used 5096K [0x00000000d6100000, 0x00000000d8b00000, 0x0000000100000000)
  eden space 32768K, 0% used [0x00000000d6100000,0x00000000d6100000,0x00000000d8100000)
  from space 5120K, 99% used [0x00000000d8100000,0x00000000d85fa090,0x00000000d8600000)
  to   space 5120K, 0% used [0x00000000d8600000,0x00000000d8600000,0x00000000d8b00000)
 ParOldGen       total 86016K, used 283K [0x0000000082200000, 0x0000000087600000, 0x00000000d6100000)
  object space 86016K, 0% used [0x0000000082200000,0x0000000082246d80,0x0000000087600000)
 Metaspace       used 8773K, capacity 8956K, committed 9088K, reserved 1056768K
  class space    used 1047K, capacity 1112K, committed 1152K, reserved 1048576K
}
Event: 4.609 GC heap before
{Heap before GC invocations=2 (full 0):
 PSYoungGen      total 37888K, used 37864K [0x00000000d6100000, 0x00000000d8b00000, 0x0000000100000000)
  eden space 32768K, 100% used [0x00000000d6100000,0x00000000d8100000,0x00000000d8100000)
  from space 5120K, 99% used [0x00000000d8100000,0x00000000d85fa090,0x00000000d8600000)
  to   space 5120K, 0% used [0x00000000d8600000,0x00000000d8600000,0x00000000d8b00000)
 ParOldGen       total 86016K, used 283K [0x0000000082200000, 0x0000000087600000, 0x00000000d6100000)
  object space 86016K, 0% used [0x0000000082200000,0x0000000082246d80,0x0000000087600000)
 Metaspace       used 11591K, capacity 11790K, committed 12032K, reserved 1060864K
  class space    used 1399K, capacity 1478K, committed 1536K, reserved 1048576K
Event: 4.614 GC heap after
Heap after GC invocations=2 (full 0):
 PSYoungGen      total 37888K, used 5116K [0x00000000d6100000, 0x00000000d8b00000, 0x0000000100000000)
  eden space 32768K, 0% used [0x00000000d6100000,0x00000000d6100000,0x00000000d8100000)
  from space 5120K, 99% used [0x00000000d8600000,0x00000000d8aff3c0,0x00000000d8b00000)
  to   space 5120K, 0% used [0x00000000d8100000,0x00000000d8100000,0x00000000d8600000)
 ParOldGen       total 86016K, used 1796K [0x0000000082200000, 0x0000000087600000, 0x00000000d6100000)
  object space 86016K, 2% used [0x0000000082200000,0x00000000823c1050,0x0000000087600000)
 Metaspace       used 11591K, capacity 11790K, committed 12032K, reserved 1060864K
  class space    used 1399K, capacity 1478K, committed 1536K, reserved 1048576K
}
Event: 5.219 GC heap before
{Heap before GC invocations=3 (full 0):
 PSYoungGen      total 37888K, used 37884K [0x00000000d6100000, 0x00000000d8b00000, 0x0000000100000000)
  eden space 32768K, 100% used [0x00000000d6100000,0x00000000d8100000,0x00000000d8100000)
  from space 5120K, 99% used [0x00000000d8600000,0x00000000d8aff3c0,0x00000000d8b00000)
  to   space 5120K, 0% used [0x00000000d8100000,0x00000000d8100000,0x00000000d8600000)
 ParOldGen       total 86016K, used 1796K [0x0000000082200000, 0x0000000087600000, 0x00000000d6100000)
  object space 86016K, 2% used [0x0000000082200000,0x00000000823c1050,0x0000000087600000)
 Metaspace       used 15159K, capacity 15498K, committed 15872K, reserved 1062912K
  class space    used 1865K, capacity 1974K, committed 2048K, reserved 1048576K
Event: 5.227 GC heap after
Heap after GC invocations=3 (full 0):
 PSYoungGen      total 37888K, used 5112K [0x00000000d6100000, 0x00000000d8b00000, 0x0000000100000000)
  eden space 32768K, 0% used [0x00000000d6100000,0x00000000d6100000,0x00000000d8100000)
  from space 5120K, 99% used [0x00000000d8100000,0x00000000d85fe010,0x00000000d8600000)
  to   space 5120K, 0% used [0x00000000d8600000,0x00000000d8600000,0x00000000d8b00000)
 ParOldGen       total 86016K, used 4461K [0x0000000082200000, 0x0000000087600000, 0x00000000d6100000)
  object space 86016K, 5% used [0x0000000082200000,0x000000008265b690,0x0000000087600000)
 Metaspace       used 15159K, capacity 15498K, committed 15872K, reserved 1062912K
  class space    used 1865K, capacity 1974K, committed 2048K, reserved 1048576K
}

Deoptimization events (10 events):
Event: 4.764 Thread 0x00000000035ce800 Uncommon trap: reason=bimorphic action=maybe_recompile pc=0x0000000003b1da30 method=java.util.HashMap.putVal(ILjava/lang/Object;Ljava/lang/Object;ZZ)Ljava/lang/Object; @ 203
Event: 4.764 Thread 0x00000000035ce800 Uncommon trap: reason=bimorphic action=maybe_recompile pc=0x0000000003b1da30 method=java.util.HashMap.putVal(ILjava/lang/Object;Ljava/lang/Object;ZZ)Ljava/lang/Object; @ 203
Event: 4.892 Thread 0x00000000035ce800 Uncommon trap: reason=bimorphic action=maybe_recompile pc=0x0000000003b1da30 method=java.util.HashMap.putVal(ILjava/lang/Object;Ljava/lang/Object;ZZ)Ljava/lang/Object; @ 203
Event: 4.908 Thread 0x00000000035ce800 Uncommon trap: reason=unstable_if action=reinterpret pc=0x0000000003ce9c50 method=org.eclipse.sisu.inject.InjectorBindings.isAssignableFrom(Lcom/google/inject/TypeLiteral;Lcom/google/inject/Binding;)Z @ 14
Event: 4.909 Thread 0x00000000035ce800 Uncommon trap: reason=null_check action=make_not_entrant pc=0x00000000039810e0 method=java.lang.String.equals(Ljava/lang/Object;)Z @ 8
Event: 4.913 Thread 0x00000000035ce800 Uncommon trap: reason=unstable_if action=reinterpret pc=0x00000000039e5f44 method=sun.misc.MetaIndex.mayContain(Ljava/lang/String;)Z @ 38
Event: 5.031 Thread 0x00000000035ce800 Uncommon trap: reason=unstable_if action=reinterpret pc=0x0000000003aa9754 method=sun.nio.cs.UTF_8$Decoder.decodeArrayLoop(Ljava/nio/ByteBuffer;Ljava/nio/CharBuffer;)Ljava/nio/charset/CoderResult; @ 84
Event: 5.134 Thread 0x00000000035ce800 Uncommon trap: reason=unstable_if action=reinterpret pc=0x00000000039d5d88 method=java.lang.AbstractStringBuilder.append(Ljava/lang/String;)Ljava/lang/AbstractStringBuilder; @ 1
Event: 5.134 Thread 0x00000000035ce800 Uncommon trap: reason=unstable_if action=reinterpret pc=0x00000000039a20a0 method=java.lang.AbstractStringBuilder.append(Ljava/lang/String;)Ljava/lang/AbstractStringBuilder; @ 1
Event: 5.173 Thread 0x00000000035ce800 Uncommon trap: reason=unstable_if action=reinterpret pc=0x00000000039a1330 method=java.lang.String.replace(CC)Ljava/lang/String; @ 2

Classes redefined (0 events):
No events

Internal exceptions (10 events):
Event: 4.205 Thread 0x00000000035ce800 Exception <a 'java/lang/ArrayIndexOutOfBoundsException'> (0x00000000d7aff8c0) thrown at [C:\re\workspace\8-2-build-windows-amd64-cygwin\jdk8u201\12322\hotspot\src\share\vm\runtime\sharedRuntime.cpp, line 605]
Event: 4.340 Thread 0x00000000035ce800 Exception <a 'java/lang/ArrayIndexOutOfBoundsException'> (0x00000000d6519e70) thrown at [C:\re\workspace\8-2-build-windows-amd64-cygwin\jdk8u201\12322\hotspot\src\share\vm\runtime\sharedRuntime.cpp, line 605]
Event: 4.341 Thread 0x00000000035ce800 Exception <a 'java/lang/ArrayIndexOutOfBoundsException'> (0x00000000d651e7d0) thrown at [C:\re\workspace\8-2-build-windows-amd64-cygwin\jdk8u201\12322\hotspot\src\share\vm\runtime\sharedRuntime.cpp, line 605]
Event: 4.395 Thread 0x00000000035ce800 Exception <a 'java/lang/ArrayIndexOutOfBoundsException': 66> (0x00000000d68884d8) thrown at [C:\re\workspace\8-2-build-windows-amd64-cygwin\jdk8u201\12322\hotspot\src\share\vm\interpreter\interpreterRuntime.cpp, line 368]
Event: 4.826 Thread 0x00000000035ce800 Exception <a 'java/lang/NoClassDefFoundError': com/google/inject/servlet/ServletModuleTargetVisitor> (0x00000000d7307be0) thrown at [C:\re\workspace\8-2-build-windows-amd64-cygwin\jdk8u201\12322\hotspot\src\share\vm\classfile\systemDictionary.cpp, line 19
Event: 4.826 Thread 0x00000000035ce800 Exception <a 'java/lang/NoClassDefFoundError'> (0x00000000d7307be0) thrown at [C:\re\workspace\8-2-build-windows-amd64-cygwin\jdk8u201\12322\hotspot\src\share\vm\prims\jvm.cpp, line 1506]
Event: 4.826 Thread 0x00000000035ce800 Exception <a 'java/lang/NoClassDefFoundError': javax/annotation/Priority> (0x00000000d730c708) thrown at [C:\re\workspace\8-2-build-windows-amd64-cygwin\jdk8u201\12322\hotspot\src\share\vm\classfile\systemDictionary.cpp, line 199]
Event: 4.909 Thread 0x00000000035ce800 Implicit null exception at 0x0000000003980f18 to 0x00000000039810d1
Event: 5.134 Thread 0x00000000035ce800 Implicit null exception at 0x00000000039d59d6 to 0x00000000039d5d71
Event: 5.134 Thread 0x00000000035ce800 Implicit null exception at 0x00000000039a1cd4 to 0x00000000039a2089

Events (10 events):
Event: 5.230 Executing VM operation: RevokeBias
Event: 5.230 Executing VM operation: RevokeBias done
Event: 5.230 loading class org/codehaus/plexus/interpolation/util/ValueSourceUtils
Event: 5.230 loading class org/codehaus/plexus/interpolation/util/ValueSourceUtils done
Event: 5.234 loading class org/codehaus/plexus/interpolation/reflection/ReflectionValueExtractor
Event: 5.234 loading class org/codehaus/plexus/interpolation/reflection/ReflectionValueExtractor done
Event: 5.235 loading class org/codehaus/plexus/interpolation/reflection/ReflectionValueExtractor$Tokenizer
Event: 5.235 loading class org/codehaus/plexus/interpolation/reflection/ReflectionValueExtractor$Tokenizer done
Event: 5.236 loading class org/codehaus/plexus/interpolation/reflection/ClassMap
Event: 5.236 loading class org/codehaus/plexus/interpolation/reflection/ClassMap done


Dynamic libraries:
0x00007ff731d80000 - 0x00007ff731db7000 	D:\Java\jdk1.8.0_201\bin\java.exe
0x00007ffd21f60000 - 0x00007ffd2214d000 	C:\Windows\SYSTEM32\ntdll.dll
0x00007ffd20680000 - 0x00007ffd20733000 	C:\Windows\System32\KERNEL32.DLL
0x00007ffd1e890000 - 0x00007ffd1eb23000 	C:\Windows\System32\KERNELBASE.dll
0x00007ffd20740000 - 0x00007ffd207e3000 	C:\Windows\System32\ADVAPI32.dll
0x00007ffd1fcc0000 - 0x00007ffd1fd5e000 	C:\Windows\System32\msvcrt.dll
0x00007ffd201b0000 - 0x00007ffd2024e000 	C:\Windows\System32\sechost.dll
0x00007ffd202f0000 - 0x00007ffd20412000 	C:\Windows\System32\RPCRT4.dll
0x00007ffd1fb20000 - 0x00007ffd1fcb7000 	C:\Windows\System32\USER32.dll
0x00007ffd1e070000 - 0x00007ffd1e090000 	C:\Windows\System32\win32u.dll
0x00007ffd20650000 - 0x00007ffd20679000 	C:\Windows\System32\GDI32.dll
0x00007ffd1ed90000 - 0x00007ffd1ef29000 	C:\Windows\System32\gdi32full.dll
0x00007ffd1efe0000 - 0x00007ffd1f080000 	C:\Windows\System32\msvcp_win.dll
0x00007ffd1f080000 - 0x00007ffd1f17a000 	C:\Windows\System32\ucrtbase.dll
0x00007ffd0aff0000 - 0x00007ffd0b269000 	C:\Windows\WinSxS\amd64_microsoft.windows.common-controls_6595b64144ccf1df_6.0.17763.1098_none_de762ed45346ee8a\COMCTL32.dll
0x00007ffd1f290000 - 0x00007ffd1f5bc000 	C:\Windows\System32\combase.dll
0x00007ffd1ed10000 - 0x00007ffd1ed8e000 	C:\Windows\System32\bcryptPrimitives.dll
0x00007ffd1f260000 - 0x00007ffd1f28e000 	C:\Windows\System32\IMM32.DLL
0x000000006d080000 - 0x000000006d151000 	D:\Java\jdk1.8.0_201\jre\bin\msvcr100.dll
0x000000006c7d0000 - 0x000000006d074000 	D:\Java\jdk1.8.0_201\jre\bin\server\jvm.dll
0x00007ffd20140000 - 0x00007ffd20148000 	C:\Windows\System32\PSAPI.DLL
0x00007ffd177a0000 - 0x00007ffd177c4000 	C:\Windows\SYSTEM32\WINMM.dll
0x00007ffd150a0000 - 0x00007ffd150aa000 	C:\Windows\SYSTEM32\VERSION.dll
0x00007ffd17770000 - 0x00007ffd1779d000 	C:\Windows\SYSTEM32\winmmbase.dll
0x00007ffd1e840000 - 0x00007ffd1e88a000 	C:\Windows\System32\cfgmgr32.dll
0x00007ffd069a0000 - 0x00007ffd069a9000 	C:\Windows\SYSTEM32\WSOCK32.dll
0x00007ffd20280000 - 0x00007ffd202ed000 	C:\Windows\System32\ws2_32.DLL
0x00007ffd11b50000 - 0x00007ffd11b5f000 	D:\Java\jdk1.8.0_201\jre\bin\verify.dll
0x00007ffd0e850000 - 0x00007ffd0e879000 	D:\Java\jdk1.8.0_201\jre\bin\java.dll
0x00007ffd12b00000 - 0x00007ffd12b23000 	D:\Java\jdk1.8.0_201\jre\bin\instrument.dll
0x00007ffd114c0000 - 0x00007ffd114d6000 	D:\Java\jdk1.8.0_201\jre\bin\zip.dll
0x00007ffd208a0000 - 0x00007ffd21d94000 	C:\Windows\System32\SHELL32.dll
0x00007ffd207f0000 - 0x00007ffd20898000 	C:\Windows\System32\shcore.dll
0x00007ffd1e0f0000 - 0x00007ffd1e83d000 	C:\Windows\System32\windows.storage.dll
0x00007ffd1dfd0000 - 0x00007ffd1dff4000 	C:\Windows\System32\profapi.dll
0x00007ffd1df50000 - 0x00007ffd1dfad000 	C:\Windows\System32\powrprof.dll
0x00007ffd1fa40000 - 0x00007ffd1fa92000 	C:\Windows\System32\shlwapi.dll
0x00007ffd1dfb0000 - 0x00007ffd1dfc1000 	C:\Windows\System32\kernel.appcore.dll
0x00007ffd1e050000 - 0x00007ffd1e067000 	C:\Windows\System32\cryptsp.dll
0x00007ffd12ae0000 - 0x00007ffd12afa000 	D:\IntelliJ IDEA 2020.1\bin\breakgen64.dll
0x00007ffd0d3d0000 - 0x00007ffd0d3ea000 	D:\Java\jdk1.8.0_201\jre\bin\net.dll
0x00007ffd0e380000 - 0x00007ffd0e557000 	C:\Windows\SYSTEM32\urlmon.dll
0x00007ffd0e0d0000 - 0x00007ffd0e378000 	C:\Windows\SYSTEM32\iertutil.dll
0x00007ffd1d9a0000 - 0x00007ffd1d9ac000 	C:\Windows\SYSTEM32\CRYPTBASE.DLL
0x00007ffd1d770000 - 0x00007ffd1d7d7000 	C:\Windows\system32\mswsock.dll
0x00007ffd1d300000 - 0x00007ffd1d333000 	C:\Windows\system32\rsaenh.dll
0x00007ffd1e020000 - 0x00007ffd1e046000 	C:\Windows\System32\bcrypt.dll
0x00007ffd1de80000 - 0x00007ffd1dea8000 	C:\Windows\SYSTEM32\USERENV.dll
0x00007ffd1d4a0000 - 0x00007ffd1d4dd000 	C:\Windows\SYSTEM32\IPHLPAPI.DLL
0x00007ffd20250000 - 0x00007ffd20258000 	C:\Windows\System32\NSI.dll
0x00007ffd15140000 - 0x00007ffd15156000 	C:\Windows\SYSTEM32\dhcpcsvc6.DLL
0x00007ffd150b0000 - 0x00007ffd150cc000 	C:\Windows\SYSTEM32\dhcpcsvc.DLL
0x00007ffd1d4e0000 - 0x00007ffd1d5a6000 	C:\Windows\SYSTEM32\DNSAPI.dll
0x00007ffd0d2c0000 - 0x00007ffd0d2d1000 	D:\Java\jdk1.8.0_201\jre\bin\nio.dll
0x00007ffd12ad0000 - 0x00007ffd12ada000 	C:\Users\Administrator\AppData\Local\Temp\jansi-1.17.1-4053783814238282866.dll
0x00007ffd12ac0000 - 0x00007ffd12aca000 	C:\Users\Administrator\AppData\Local\Temp\jansi-1.17.1-4559572129598464699.dll

VM Arguments:
jvm_args: -Dmaven.multiModuleProjectDirectory=E:\replace_azure_config -Dmaven.home=E:\apache-maven-3.6.3-bin\apache-maven-3.6.3 -Dclassworlds.conf=E:\apache-maven-3.6.3-bin\apache-maven-3.6.3\bin\m2.conf -Dmaven.ext.class.path=D:\IntelliJ IDEA 2020.1\plugins\maven\lib\maven-event-listener.jar -javaagent:D:\IntelliJ IDEA 2020.1\lib\idea_rt.jar=56634:D:\IntelliJ IDEA 2020.1\bin -Dfile.encoding=UTF-8 
java_command: org.codehaus.classworlds.Launcher -Didea.version2020.1 -s E:\apache-maven-3.6.3-bin\apache-maven-3.6.3\conf\settings.xml clean
java_class_path (initial): E:\apache-maven-3.6.3-bin\apache-maven-3.6.3\boot\plexus-classworlds-2.6.0.jar;E:\apache-maven-3.6.3-bin\apache-maven-3.6.3\boot\plexus-classworlds.license;D:\IntelliJ IDEA 2020.1\lib\idea_rt.jar
Launcher Type: SUN_STANDARD

Environment Variables:
JAVA_HOME=D:\Java\jdk1.8.0_201
CLASSPATH=.;D:\Java\jdk1.8.0_201\lib\dt.jar;D:\Java\jdk1.8.0_201\lib\tools.jar;
PATH=C:\Program Files (x86)\Microsoft SDKs\Azure\CLI2\wbin;C:\Python27\;C:\Python27\Scripts;C:\Program Files (x86)\Common Files\Oracle\Java\javapath;C:\Windows\system32;C:\Windows;C:\Windows\System32\Wbem;C:\Windows\System32\WindowsPowerShell\v1.0\;C:\Windows\System32\OpenSSH\;D:\Java\jdk1.8.0_201\bin;D:\Java\jdk1.8.0_201\jre\bin;D:\TortoiseSVN\bin;D:\Git\cmd;D:\gradle-5.3.1\bin;D:\Redis-x64-3.2.100;C:\Program Files\MySQL\MySQL Server 8.0\bin;D:\Go\bin;D:\nodejs\;C:\ProgramData\chocolatey\bin;D:\Vim\vim82;C:\Program Files\dotnet\;C:\Program Files\Microsoft SQL Server\130\Tools\Binn\;C:\Program Files\Microsoft SQL Server\Client SDK\ODBC\170\Tools\Binn\;C:\Program Files\MySQL\MySQL Server 8.0\bin;C:\Users\Administrator\go\bin;D:\Microsoft VS Code\bin;C:\Users\Administrator\AppData\Local\GitHubDesktop\bin;C:\Users\Administrator\AppData\Roaming\npm;C:\Program Files\Microsoft SQL Server\150\DAC\bin\;C:\Program Files\MySQL\MySQL Server 8.0\bin;C:\Users\Administrator\go\bin;D:\Microsoft VS Code\bin;C:\Users\Administrator\AppData\Local\GitHubDesktop\bin;C:\Users\Administra;D:\azcopy_windows_amd64_10.3.3\azcopy_windows_amd64_10.3.3;C:\Program Files (x86)\Microsoft SQL Server\150\Tools\Binn\;C:\Program Files\Microsoft SQL Server\150\Tools\Binn\;C:\Program Files\Microsoft SQL Server\150\DTS\Binn\;D:\Git\mingw64\bin\;D:\Git\usr\bin\;E:\apache-maven-3.6.3-bin\apache-maven-3.6.3\bin\;C:\Program Files\MySQL\MySQL Server 8.0\bin;C:\Users\Administrator\go\bin;D:\Microsoft VS Code\bin;C:\Users\Administrator\AppData\Local\GitHubDesktop\bin;C:\Users\Administrator\AppData\Roaming\npm
USERNAME=Administrator
OS=Windows_NT
PROCESSOR_IDENTIFIER=Intel64 Family 6 Model 142 Stepping 10, GenuineIntel



---------------  S Y S T E M  ---------------

OS: Windows 10.0 , 64 bit Build 17763 (10.0.17763.475)

CPU:total 8 (initial active 8) (4 cores per cpu, 2 threads per core) family 6 model 142 stepping 10, cmov, cx8, fxsr, mmx, sse, sse2, sse3, ssse3, sse4.1, sse4.2, popcnt, avx, avx2, aes, clmul, erms, 3dnowpref, lzcnt, ht, tsc, tscinvbit, bmi1, bmi2, adx

Memory: 4k page, physical 8246028k(416404k free), swap 19763848k(4484k free)

vm_info: Java HotSpot(TM) 64-Bit Server VM (25.201-b09) for windows-amd64 JRE (1.8.0_201-b09), built on Dec 15 2018 18:36:39 by "java_re" with MS VC++ 10.0 (VS2010)

time: Thu Apr 16 14:57:53 2020
timezone: China Standard Time
elapsed time: 5 seconds (0d 0h 0m 5s)

