#
# There is insufficient memory for the Java Runtime Environment to continue.
# Native memory allocation (malloc) failed to allocate 2391216 bytes for Chunk::new
# Possible reasons:
#   The system is out of physical RAM or swap space
#   The process is running with CompressedOops enabled, and the Java Heap may be blocking the growth of the native heap
# Possible solutions:
#   Reduce memory load on the system
#   Increase physical memory or swap space
#   Check if swap backing store is full
#   Decrease Java heap size (-Xmx/-Xms)
#   Decrease number of Java threads
#   Decrease Java thread stack sizes (-Xss)
#   Set larger code cache with -XX:ReservedCodeCacheSize=
#   JVM is running with Unscaled Compressed Oops mode in which the Java heap is
#     placed in the first 4GB address space. The Java Heap base address is the
#     maximum limit for the native heap growth. Please use -XX:HeapBaseMinAddress
#     to set the Java Heap base and to place the Java Heap above 4GB virtual address.
# This output file may be truncated or incomplete.
#
#  Out of Memory Error (allocation.cpp:390), pid=13496, tid=0x00000000000021b4
#
# JRE version: Java(TM) SE Runtime Environment (8.0_201-b09) (build 1.8.0_201-b09)
# Java VM: Java HotSpot(TM) 64-Bit Server VM (25.201-b09 mixed mode windows-amd64 compressed oops)
# Failed to write core dump. Minidumps are not enabled by default on client versions of Windows
#

---------------  T H R E A D  ---------------

Current thread (0x000000001a3d1000):  JavaThread "C2 CompilerThread2" daemon [_thread_in_native, id=8628, stack(0x000000001af10000,0x000000001b010000)]

Stack: [0x000000001af10000,0x000000001b010000]
[error occurred during error reporting (printing stack bounds), id 0xc0000005]

Native frames: (J=compiled Java code, j=interpreted, Vv=VM code, C=native code)


Current CompileTask:
C2:   2190 1578       4       java.net.URLClassLoader$1::run (5 bytes)


---------------  P R O C E S S  ---------------

Java Threads: ( => current thread )
  0x000000001a46e800 JavaThread "Service Thread" daemon [_thread_blocked, id=25464, stack(0x000000001b110000,0x000000001b210000)]
  0x000000001a3de000 JavaThread "C1 CompilerThread3" daemon [_thread_blocked, id=14112, stack(0x000000001b010000,0x000000001b110000)]
=>0x000000001a3d1000 JavaThread "C2 CompilerThread2" daemon [_thread_in_native, id=8628, stack(0x000000001af10000,0x000000001b010000)]
  0x000000001a3cd800 JavaThread "C2 CompilerThread1" daemon [_thread_blocked, id=25628, stack(0x000000001ae10000,0x000000001af10000)]
  0x000000001a3cc800 JavaThread "C2 CompilerThread0" daemon [_thread_blocked, id=12512, stack(0x000000001ad10000,0x000000001ae10000)]
  0x000000001a3c9000 JavaThread "Monitor Ctrl-Break" daemon [_thread_in_native, id=23692, stack(0x000000001ac10000,0x000000001ad10000)]
  0x000000001a349000 JavaThread "Attach Listener" daemon [_thread_blocked, id=3652, stack(0x000000001ab10000,0x000000001ac10000)]
  0x000000001a3a0000 JavaThread "Signal Dispatcher" daemon [_thread_blocked, id=24608, stack(0x000000001aa10000,0x000000001ab10000)]
  0x000000001a331000 JavaThread "Finalizer" daemon [_thread_blocked, id=14664, stack(0x000000001a810000,0x000000001a910000)]
  0x000000001a330800 JavaThread "Reference Handler" daemon [_thread_blocked, id=15596, stack(0x000000001a710000,0x000000001a810000)]
  0x000000000332e800 JavaThread "main" [_thread_in_native, id=12452, stack(0x0000000003330000,0x0000000003430000)]

Other Threads:
  0x0000000018549800 VMThread [stack: 0x000000001a210000,0x000000001a310000] [id=1564]
  0x000000001a485000 WatcherThread [stack: 0x000000001b210000,0x000000001b310000] [id=5256]

VM state:not at safepoint (normal execution)

VM Mutex/Monitor currently owned by a thread: None

heap address: 0x0000000082200000, size: 2014 MB, Compressed Oops mode: 32-bit
Narrow klass base: 0x0000000000000000, Narrow klass shift: 3
Compressed class space size: 1073741824 Address: 0x0000000100000000

Heap:
 PSYoungGen      total 37888K, used 11983K [0x00000000d6100000, 0x00000000d8b00000, 0x0000000100000000)
  eden space 32768K, 21% used [0x00000000d6100000,0x00000000d67b9d00,0x00000000d8100000)
  from space 5120K, 99% used [0x00000000d8100000,0x00000000d85fa020,0x00000000d8600000)
  to   space 5120K, 0% used [0x00000000d8600000,0x00000000d8600000,0x00000000d8b00000)
 ParOldGen       total 86016K, used 4540K [0x0000000082200000, 0x0000000087600000, 0x00000000d6100000)
  object space 86016K, 5% used [0x0000000082200000,0x000000008266f308,0x0000000087600000)
 Metaspace       used 15629K, capacity 15894K, committed 16128K, reserved 1062912K
  class space    used 1891K, capacity 1976K, committed 2048K, reserved 1048576K

Card table byte_map: [0x00000000129f0000,0x0000000012de0000] byte_map_base: 0x00000000125df000

Marking Bits: (ParMarkBitMap*) 0x000000006cff4ce0
 Begin Bits: [0x0000000013880000, 0x00000000157f8000)
 End Bits:   [0x00000000157f8000, 0x0000000017770000)

Polling page: 0x0000000001230000

CodeCache: size=245760Kb used=6506Kb max_used=6506Kb free=239253Kb
 bounds [0x0000000003630000, 0x0000000003ca0000, 0x0000000012630000]
 total_blobs=2247 nmethods=1873 adapters=286
 compilation: enabled

Compilation events (10 events):
Event: 2.185 Thread 0x000000001a3de000 1870       3       org.codehaus.plexus.interpolation.reflection.ReflectionValueExtractor$Tokenizer::skipChar (37 bytes)
Event: 2.185 Thread 0x000000001a3de000 nmethod 1870 0x0000000003c84690 code [0x0000000003c84820, 0x0000000003c84ce8]
Event: 2.185 Thread 0x000000001a3cd800 1872       4       org.apache.maven.model.validation.DefaultModelValidator::isValidIdCharacter (60 bytes)
Event: 2.185 Thread 0x000000001a3de000 1871       3       org.codehaus.plexus.util.StringUtils::isNotEmpty (17 bytes)
Event: 2.186 Thread 0x000000001a3cc800 1874       4       java.util.LinkedHashMap$LinkedHashIterator::nextNode (54 bytes)
Event: 2.186 Thread 0x000000001a3de000 nmethod 1871 0x0000000003c84110 code [0x0000000003c84280, 0x0000000003c84590]
Event: 2.186 Thread 0x000000001a3de000 1873       3       org.apache.maven.model.validation.DefaultModelValidator::validateEffectiveDependency (616 bytes)
Event: 2.186 Thread 0x000000001a3cd800 nmethod 1872 0x0000000003c82990 code [0x0000000003c82ac0, 0x0000000003c82b78]
Event: 2.186 Thread 0x000000001a3cc800 nmethod 1874 0x0000000003c826d0 code [0x0000000003c82800, 0x0000000003c828d8]
Event: 2.189 Thread 0x000000001a3de000 nmethod 1873 0x0000000003c8a3d0 code [0x0000000003c8ac40, 0x0000000003c902a8]

GC Heap History (6 events):
Event: 1.313 GC heap before
{Heap before GC invocations=1 (full 0):
 PSYoungGen      total 37888K, used 32768K [0x00000000d6100000, 0x00000000d8b00000, 0x0000000100000000)
  eden space 32768K, 100% used [0x00000000d6100000,0x00000000d8100000,0x00000000d8100000)
  from space 5120K, 0% used [0x00000000d8600000,0x00000000d8600000,0x00000000d8b00000)
  to   space 5120K, 0% used [0x00000000d8100000,0x00000000d8100000,0x00000000d8600000)
 ParOldGen       total 86016K, used 0K [0x0000000082200000, 0x0000000087600000, 0x00000000d6100000)
  object space 86016K, 0% used [0x0000000082200000,0x0000000082200000,0x0000000087600000)
 Metaspace       used 8741K, capacity 8828K, committed 9088K, reserved 1056768K
  class space    used 1042K, capacity 1112K, committed 1152K, reserved 1048576K
Event: 1.320 GC heap after
Heap after GC invocations=1 (full 0):
 PSYoungGen      total 37888K, used 5118K [0x00000000d6100000, 0x00000000d8b00000, 0x0000000100000000)
  eden space 32768K, 0% used [0x00000000d6100000,0x00000000d6100000,0x00000000d8100000)
  from space 5120K, 99% used [0x00000000d8100000,0x00000000d85ff838,0x00000000d8600000)
  to   space 5120K, 0% used [0x00000000d8600000,0x00000000d8600000,0x00000000d8b00000)
 ParOldGen       total 86016K, used 231K [0x0000000082200000, 0x0000000087600000, 0x00000000d6100000)
  object space 86016K, 0% used [0x0000000082200000,0x0000000082239f10,0x0000000087600000)
 Metaspace       used 8741K, capacity 8828K, committed 9088K, reserved 1056768K
  class space    used 1042K, capacity 1112K, committed 1152K, reserved 1048576K
}
Event: 1.592 GC heap before
{Heap before GC invocations=2 (full 0):
 PSYoungGen      total 37888K, used 37886K [0x00000000d6100000, 0x00000000d8b00000, 0x0000000100000000)
  eden space 32768K, 100% used [0x00000000d6100000,0x00000000d8100000,0x00000000d8100000)
  from space 5120K, 99% used [0x00000000d8100000,0x00000000d85ff838,0x00000000d8600000)
  to   space 5120K, 0% used [0x00000000d8600000,0x00000000d8600000,0x00000000d8b00000)
 ParOldGen       total 86016K, used 231K [0x0000000082200000, 0x0000000087600000, 0x00000000d6100000)
  object space 86016K, 0% used [0x0000000082200000,0x0000000082239f10,0x0000000087600000)
 Metaspace       used 11555K, capacity 11726K, committed 12032K, reserved 1060864K
  class space    used 1396K, capacity 1478K, committed 1536K, reserved 1048576K
Event: 1.597 GC heap after
Heap after GC invocations=2 (full 0):
 PSYoungGen      total 37888K, used 5108K [0x00000000d6100000, 0x00000000d8b00000, 0x0000000100000000)
  eden space 32768K, 0% used [0x00000000d6100000,0x00000000d6100000,0x00000000d8100000)
  from space 5120K, 99% used [0x00000000d8600000,0x00000000d8afd2f0,0x00000000d8b00000)
  to   space 5120K, 0% used [0x00000000d8100000,0x00000000d8100000,0x00000000d8600000)
 ParOldGen       total 86016K, used 1731K [0x0000000082200000, 0x0000000087600000, 0x00000000d6100000)
  object space 86016K, 2% used [0x0000000082200000,0x00000000823b0f98,0x0000000087600000)
 Metaspace       used 11555K, capacity 11726K, committed 12032K, reserved 1060864K
  class space    used 1396K, capacity 1478K, committed 1536K, reserved 1048576K
}
Event: 2.010 GC heap before
{Heap before GC invocations=3 (full 0):
 PSYoungGen      total 37888K, used 37876K [0x00000000d6100000, 0x00000000d8b00000, 0x0000000100000000)
  eden space 32768K, 100% used [0x00000000d6100000,0x00000000d8100000,0x00000000d8100000)
  from space 5120K, 99% used [0x00000000d8600000,0x00000000d8afd2f0,0x00000000d8b00000)
  to   space 5120K, 0% used [0x00000000d8100000,0x00000000d8100000,0x00000000d8600000)
 ParOldGen       total 86016K, used 1731K [0x0000000082200000, 0x0000000087600000, 0x00000000d6100000)
  object space 86016K, 2% used [0x0000000082200000,0x00000000823b0f98,0x0000000087600000)
 Metaspace       used 15205K, capacity 15562K, committed 15872K, reserved 1062912K
  class space    used 1866K, capacity 1974K, committed 2048K, reserved 1048576K
Event: 2.018 GC heap after
Heap after GC invocations=3 (full 0):
 PSYoungGen      total 37888K, used 5096K [0x00000000d6100000, 0x00000000d8b00000, 0x0000000100000000)
  eden space 32768K, 0% used [0x00000000d6100000,0x00000000d6100000,0x00000000d8100000)
  from space 5120K, 99% used [0x00000000d8100000,0x00000000d85fa020,0x00000000d8600000)
  to   space 5120K, 0% used [0x00000000d8600000,0x00000000d8600000,0x00000000d8b00000)
 ParOldGen       total 86016K, used 4540K [0x0000000082200000, 0x0000000087600000, 0x00000000d6100000)
  object space 86016K, 5% used [0x0000000082200000,0x000000008266f308,0x0000000087600000)
 Metaspace       used 15205K, capacity 15562K, committed 15872K, reserved 1062912K
  class space    used 1866K, capacity 1974K, committed 2048K, reserved 1048576K
}

Deoptimization events (10 events):
Event: 1.863 Thread 0x000000000332e800 Uncommon trap: reason=null_check action=make_not_entrant pc=0x00000000037d8860 method=java.lang.String.equals(Ljava/lang/Object;)Z @ 8
Event: 1.867 Thread 0x000000000332e800 Uncommon trap: reason=unstable_if action=reinterpret pc=0x0000000003858c70 method=sun.misc.MetaIndex.mayContain(Ljava/lang/String;)Z @ 38
Event: 1.874 Thread 0x000000000332e800 Uncommon trap: reason=unstable_if action=reinterpret pc=0x00000000039180d4 method=sun.nio.cs.UTF_8$Decoder.decodeArrayLoop(Ljava/nio/ByteBuffer;Ljava/nio/CharBuffer;)Ljava/nio/charset/CoderResult; @ 84
Event: 1.958 Thread 0x000000000332e800 Uncommon trap: reason=unstable_if action=reinterpret pc=0x0000000003849c88 method=java.lang.AbstractStringBuilder.append(Ljava/lang/String;)Ljava/lang/AbstractStringBuilder; @ 1
Event: 1.958 Thread 0x000000000332e800 Uncommon trap: reason=unstable_if action=reinterpret pc=0x0000000003812604 method=java.lang.AbstractStringBuilder.append(Ljava/lang/String;)Ljava/lang/AbstractStringBuilder; @ 1
Event: 1.977 Thread 0x000000000332e800 Uncommon trap: reason=unstable_if action=reinterpret pc=0x00000000038107d4 method=java.lang.String.replace(CC)Ljava/lang/String; @ 2
Event: 2.059 Thread 0x000000000332e800 Uncommon trap: reason=unstable_if action=reinterpret pc=0x0000000003bf27f8 method=org.codehaus.plexus.util.xml.pull.MXParser.nextImpl()I @ 879
Event: 2.080 Thread 0x000000000332e800 Uncommon trap: reason=unstable_if action=reinterpret pc=0x0000000003bf5970 method=java.lang.String.trim()Ljava/lang/String; @ 63
Event: 2.085 Thread 0x000000000332e800 Uncommon trap: reason=unstable_if action=reinterpret pc=0x0000000003925c04 method=sun.nio.cs.UTF_8$Decoder.decode([BII[C)I @ 30
Event: 2.149 Thread 0x000000000332e800 Uncommon trap: reason=null_check action=make_not_entrant pc=0x0000000003c7089c method=org.apache.maven.model.io.xpp3.MavenXpp3ReaderEx.checkFieldWithDuplicate(Lorg/codehaus/plexus/util/xml/pull/XmlPullParser;Ljava/lang/String;Ljava/lang/String;Ljava/util/

Classes redefined (0 events):
No events

Internal exceptions (10 events):
Event: 1.344 Thread 0x000000000332e800 Exception <a 'java/lang/ArrayIndexOutOfBoundsException'> (0x00000000d65470b8) thrown at [C:\re\workspace\8-2-build-windows-amd64-cygwin\jdk8u201\12322\hotspot\src\share\vm\runtime\sharedRuntime.cpp, line 605]
Event: 1.345 Thread 0x000000000332e800 Exception <a 'java/lang/ArrayIndexOutOfBoundsException'> (0x00000000d654ba18) thrown at [C:\re\workspace\8-2-build-windows-amd64-cygwin\jdk8u201\12322\hotspot\src\share\vm\runtime\sharedRuntime.cpp, line 605]
Event: 1.389 Thread 0x000000000332e800 Exception <a 'java/lang/ArrayIndexOutOfBoundsException': 66> (0x00000000d68b5ac8) thrown at [C:\re\workspace\8-2-build-windows-amd64-cygwin\jdk8u201\12322\hotspot\src\share\vm\interpreter\interpreterRuntime.cpp, line 368]
Event: 1.796 Thread 0x000000000332e800 Exception <a 'java/lang/NoClassDefFoundError': com/google/inject/servlet/ServletModuleTargetVisitor> (0x00000000d732df98) thrown at [C:\re\workspace\8-2-build-windows-amd64-cygwin\jdk8u201\12322\hotspot\src\share\vm\classfile\systemDictionary.cpp, line 19
Event: 1.796 Thread 0x000000000332e800 Exception <a 'java/lang/NoClassDefFoundError'> (0x00000000d732df98) thrown at [C:\re\workspace\8-2-build-windows-amd64-cygwin\jdk8u201\12322\hotspot\src\share\vm\prims\jvm.cpp, line 1506]
Event: 1.796 Thread 0x000000000332e800 Exception <a 'java/lang/NoClassDefFoundError': javax/annotation/Priority> (0x00000000d7332ac0) thrown at [C:\re\workspace\8-2-build-windows-amd64-cygwin\jdk8u201\12322\hotspot\src\share\vm\classfile\systemDictionary.cpp, line 199]
Event: 1.863 Thread 0x000000000332e800 Implicit null exception at 0x00000000037d8698 to 0x00000000037d8851
Event: 1.958 Thread 0x000000000332e800 Implicit null exception at 0x00000000038498d6 to 0x0000000003849c71
Event: 1.958 Thread 0x000000000332e800 Implicit null exception at 0x0000000003812256 to 0x00000000038125ed
Event: 2.149 Thread 0x000000000332e800 Implicit null exception at 0x0000000003c70637 to 0x0000000003c70881

Events (10 events):
Event: 2.112 Thread 0x000000000332e800 DEOPT UNPACKING pc=0x0000000003677890 sp=0x000000000342d3d0 mode 0
Event: 2.149 Thread 0x000000000332e800 DEOPT PACKING pc=0x0000000003c6681a sp=0x000000000342d6c0
Event: 2.149 Thread 0x000000000332e800 DEOPT UNPACKING pc=0x0000000003677890 sp=0x000000000342d540 mode 0
Event: 2.149 Thread 0x000000000332e800 Uncommon trap: trap_request=0xfffffff4 fr.pc=0x0000000003c7089c
Event: 2.149 Thread 0x000000000332e800 DEOPT PACKING pc=0x0000000003c7089c sp=0x000000000342dc60
Event: 2.149 Thread 0x000000000332e800 DEOPT UNPACKING pc=0x000000000367583b sp=0x000000000342dc20 mode 2
Event: 2.149 loading class org/apache/maven/model/Site
Event: 2.149 loading class org/apache/maven/model/Site done
Event: 2.183 Thread 0x000000000332e800 DEOPT PACKING pc=0x0000000003c6681a sp=0x000000000342d550
Event: 2.183 Thread 0x000000000332e800 DEOPT UNPACKING pc=0x0000000003677890 sp=0x000000000342d3d0 mode 0


Dynamic libraries:
0x00007ff731d80000 - 0x00007ff731db7000 	D:\Java\jdk1.8.0_201\bin\java.exe
0x00007ffd21f60000 - 0x00007ffd2214d000 	C:\Windows\SYSTEM32\ntdll.dll
0x00007ffd20680000 - 0x00007ffd20733000 	C:\Windows\System32\KERNEL32.DLL
0x00007ffd1e890000 - 0x00007ffd1eb23000 	C:\Windows\System32\KERNELBASE.dll
0x00007ffd20740000 - 0x00007ffd207e3000 	C:\Windows\System32\ADVAPI32.dll
0x00007ffd1fcc0000 - 0x00007ffd1fd5e000 	C:\Windows\System32\msvcrt.dll
0x00007ffd201b0000 - 0x00007ffd2024e000 	C:\Windows\System32\sechost.dll
0x00007ffd202f0000 - 0x00007ffd20412000 	C:\Windows\System32\RPCRT4.dll
0x00007ffd1fb20000 - 0x00007ffd1fcb7000 	C:\Windows\System32\USER32.dll
0x00007ffd1e070000 - 0x00007ffd1e090000 	C:\Windows\System32\win32u.dll
0x00007ffd20650000 - 0x00007ffd20679000 	C:\Windows\System32\GDI32.dll
0x00007ffd1ed90000 - 0x00007ffd1ef29000 	C:\Windows\System32\gdi32full.dll
0x00007ffd1efe0000 - 0x00007ffd1f080000 	C:\Windows\System32\msvcp_win.dll
0x00007ffd1f080000 - 0x00007ffd1f17a000 	C:\Windows\System32\ucrtbase.dll
0x00007ffd0aff0000 - 0x00007ffd0b269000 	C:\Windows\WinSxS\amd64_microsoft.windows.common-controls_6595b64144ccf1df_6.0.17763.1098_none_de762ed45346ee8a\COMCTL32.dll
0x00007ffd1f290000 - 0x00007ffd1f5bc000 	C:\Windows\System32\combase.dll
0x00007ffd1ed10000 - 0x00007ffd1ed8e000 	C:\Windows\System32\bcryptPrimitives.dll
0x00007ffd1f260000 - 0x00007ffd1f28e000 	C:\Windows\System32\IMM32.DLL
0x000000006d080000 - 0x000000006d151000 	D:\Java\jdk1.8.0_201\jre\bin\msvcr100.dll
0x000000006c7d0000 - 0x000000006d074000 	D:\Java\jdk1.8.0_201\jre\bin\server\jvm.dll
0x00007ffd20140000 - 0x00007ffd20148000 	C:\Windows\System32\PSAPI.DLL
0x00007ffd150a0000 - 0x00007ffd150aa000 	C:\Windows\SYSTEM32\VERSION.dll
0x00007ffd177a0000 - 0x00007ffd177c4000 	C:\Windows\SYSTEM32\WINMM.dll
0x00007ffd069a0000 - 0x00007ffd069a9000 	C:\Windows\SYSTEM32\WSOCK32.dll
0x00007ffd20280000 - 0x00007ffd202ed000 	C:\Windows\System32\WS2_32.dll
0x00007ffd17770000 - 0x00007ffd1779d000 	C:\Windows\SYSTEM32\WINMMBASE.dll
0x00007ffd1e840000 - 0x00007ffd1e88a000 	C:\Windows\System32\cfgmgr32.dll
0x00007ffd11b50000 - 0x00007ffd11b5f000 	D:\Java\jdk1.8.0_201\jre\bin\verify.dll
0x00007ffd0e850000 - 0x00007ffd0e879000 	D:\Java\jdk1.8.0_201\jre\bin\java.dll
0x00007ffd12c50000 - 0x00007ffd12c73000 	D:\Java\jdk1.8.0_201\jre\bin\instrument.dll
0x00007ffd114c0000 - 0x00007ffd114d6000 	D:\Java\jdk1.8.0_201\jre\bin\zip.dll
0x00007ffd208a0000 - 0x00007ffd21d94000 	C:\Windows\System32\SHELL32.dll
0x00007ffd207f0000 - 0x00007ffd20898000 	C:\Windows\System32\shcore.dll
0x00007ffd1e0f0000 - 0x00007ffd1e83d000 	C:\Windows\System32\windows.storage.dll
0x00007ffd1dfd0000 - 0x00007ffd1dff4000 	C:\Windows\System32\profapi.dll
0x00007ffd1df50000 - 0x00007ffd1dfad000 	C:\Windows\System32\powrprof.dll
0x00007ffd1fa40000 - 0x00007ffd1fa92000 	C:\Windows\System32\shlwapi.dll
0x00007ffd1dfb0000 - 0x00007ffd1dfc1000 	C:\Windows\System32\kernel.appcore.dll
0x00007ffd1e050000 - 0x00007ffd1e067000 	C:\Windows\System32\cryptsp.dll
0x00007ffd12c30000 - 0x00007ffd12c4a000 	D:\IntelliJ IDEA 2020.1\bin\breakgen64.dll
0x00007ffd0d3d0000 - 0x00007ffd0d3ea000 	D:\Java\jdk1.8.0_201\jre\bin\net.dll
0x00007ffd0e380000 - 0x00007ffd0e557000 	C:\Windows\SYSTEM32\urlmon.dll
0x00007ffd0e0d0000 - 0x00007ffd0e378000 	C:\Windows\SYSTEM32\iertutil.dll
0x00007ffd1d9a0000 - 0x00007ffd1d9ac000 	C:\Windows\SYSTEM32\CRYPTBASE.DLL
0x00007ffd1d770000 - 0x00007ffd1d7d7000 	C:\Windows\system32\mswsock.dll
0x00007ffd1d300000 - 0x00007ffd1d333000 	C:\Windows\system32\rsaenh.dll
0x00007ffd1e020000 - 0x00007ffd1e046000 	C:\Windows\System32\bcrypt.dll
0x00007ffd1de80000 - 0x00007ffd1dea8000 	C:\Windows\SYSTEM32\USERENV.dll
0x00007ffd1d4a0000 - 0x00007ffd1d4dd000 	C:\Windows\SYSTEM32\IPHLPAPI.DLL
0x00007ffd20250000 - 0x00007ffd20258000 	C:\Windows\System32\NSI.dll
0x00007ffd15140000 - 0x00007ffd15156000 	C:\Windows\SYSTEM32\dhcpcsvc6.DLL
0x00007ffd150b0000 - 0x00007ffd150cc000 	C:\Windows\SYSTEM32\dhcpcsvc.DLL
0x00007ffd1d4e0000 - 0x00007ffd1d5a6000 	C:\Windows\SYSTEM32\DNSAPI.dll
0x00007ffd0d2c0000 - 0x00007ffd0d2d1000 	D:\Java\jdk1.8.0_201\jre\bin\nio.dll
0x00007ffd12c20000 - 0x00007ffd12c2a000 	C:\Users\Administrator\AppData\Local\Temp\jansi-1.17.1-3653999962331868650.dll
0x00007ffd12c10000 - 0x00007ffd12c1a000 	C:\Users\Administrator\AppData\Local\Temp\jansi-1.17.1-1344674468829264181.dll

VM Arguments:
jvm_args: -Dmaven.multiModuleProjectDirectory=E:\replace_azure_config -Dmaven.home=E:\apache-maven-3.6.3-bin\apache-maven-3.6.3 -Dclassworlds.conf=E:\apache-maven-3.6.3-bin\apache-maven-3.6.3\bin\m2.conf -Dmaven.ext.class.path=D:\IntelliJ IDEA 2020.1\plugins\maven\lib\maven-event-listener.jar -javaagent:D:\IntelliJ IDEA 2020.1\lib\idea_rt.jar=56741:D:\IntelliJ IDEA 2020.1\bin -Dfile.encoding=UTF-8 
java_command: org.codehaus.classworlds.Launcher -Didea.version2020.1 -s E:\apache-maven-3.6.3-bin\apache-maven-3.6.3\conf\settings.xml clean
java_class_path (initial): E:\apache-maven-3.6.3-bin\apache-maven-3.6.3\boot\plexus-classworlds-2.6.0.jar;E:\apache-maven-3.6.3-bin\apache-maven-3.6.3\boot\plexus-classworlds.license;D:\IntelliJ IDEA 2020.1\lib\idea_rt.jar
Launcher Type: SUN_STANDARD

Environment Variables:
JAVA_HOME=D:\Java\jdk1.8.0_201
CLASSPATH=.;D:\Java\jdk1.8.0_201\lib\dt.jar;D:\Java\jdk1.8.0_201\lib\tools.jar;
PATH=C:\Program Files (x86)\Microsoft SDKs\Azure\CLI2\wbin;C:\Python27\;C:\Python27\Scripts;C:\Program Files (x86)\Common Files\Oracle\Java\javapath;C:\Windows\system32;C:\Windows;C:\Windows\System32\Wbem;C:\Windows\System32\WindowsPowerShell\v1.0\;C:\Windows\System32\OpenSSH\;D:\Java\jdk1.8.0_201\bin;D:\Java\jdk1.8.0_201\jre\bin;D:\TortoiseSVN\bin;D:\Git\cmd;D:\gradle-5.3.1\bin;D:\Redis-x64-3.2.100;C:\Program Files\MySQL\MySQL Server 8.0\bin;D:\Go\bin;D:\nodejs\;C:\ProgramData\chocolatey\bin;D:\Vim\vim82;C:\Program Files\dotnet\;C:\Program Files\Microsoft SQL Server\130\Tools\Binn\;C:\Program Files\Microsoft SQL Server\Client SDK\ODBC\170\Tools\Binn\;C:\Program Files\MySQL\MySQL Server 8.0\bin;C:\Users\Administrator\go\bin;D:\Microsoft VS Code\bin;C:\Users\Administrator\AppData\Local\GitHubDesktop\bin;C:\Users\Administrator\AppData\Roaming\npm;C:\Program Files\Microsoft SQL Server\150\DAC\bin\;C:\Program Files\MySQL\MySQL Server 8.0\bin;C:\Users\Administrator\go\bin;D:\Microsoft VS Code\bin;C:\Users\Administrator\AppData\Local\GitHubDesktop\bin;C:\Users\Administra;D:\azcopy_windows_amd64_10.3.3\azcopy_windows_amd64_10.3.3;C:\Program Files (x86)\Microsoft SQL Server\150\Tools\Binn\;C:\Program Files\Microsoft SQL Server\150\Tools\Binn\;C:\Program Files\Microsoft SQL Server\150\DTS\Binn\;D:\Git\mingw64\bin\;D:\Git\usr\bin\;E:\apache-maven-3.6.3-bin\apache-maven-3.6.3\bin\;C:\Program Files\MySQL\MySQL Server 8.0\bin;C:\Users\Administrator\go\bin;D:\Microsoft VS Code\bin;C:\Users\Administrator\AppData\Local\GitHubDesktop\bin;C:\Users\Administrator\AppData\Roaming\npm
USERNAME=Administrator
OS=Windows_NT
PROCESSOR_IDENTIFIER=Intel64 Family 6 Model 142 Stepping 10, GenuineIntel



---------------  S Y S T E M  ---------------

OS: Windows 10.0 , 64 bit Build 17763 (10.0.17763.475)

CPU:total 8 (initial active 8) (4 cores per cpu, 2 threads per core) family 6 model 142 stepping 10, cmov, cx8, fxsr, mmx, sse, sse2, sse3, ssse3, sse4.1, sse4.2, popcnt, avx, avx2, aes, clmul, erms, 3dnowpref, lzcnt, ht, tsc, tscinvbit, bmi1, bmi2, adx

Memory: 4k page, physical 8246028k(525636k free), swap 19763848k(5140k free)

vm_info: Java HotSpot(TM) 64-Bit Server VM (25.201-b09) for windows-amd64 JRE (1.8.0_201-b09), built on Dec 15 2018 18:36:39 by "java_re" with MS VC++ 10.0 (VS2010)

time: Thu Apr 16 14:59:04 2020
timezone: China Standard Time
elapsed time: 2 seconds (0d 0h 0m 2s)

