#
# There is insufficient memory for the Java Runtime Environment to continue.
# Native memory allocation (malloc) failed to allocate 390096 bytes for Chunk::new
# Possible reasons:
#   The system is out of physical RAM or swap space
#   The process is running with CompressedOops enabled, and the Java Heap may be blocking the growth of the native heap
# Possible solutions:
#   Reduce memory load on the system
#   Increase physical memory or swap space
#   Check if swap backing store is full
#   Decrease Java heap size (-Xmx/-Xms)
#   Decrease number of Java threads
#   Decrease Java thread stack sizes (-Xss)
#   Set larger code cache with -XX:ReservedCodeCacheSize=
#   JVM is running with Unscaled Compressed Oops mode in which the Java heap is
#     placed in the first 4GB address space. The Java Heap base address is the
#     maximum limit for the native heap growth. Please use -XX:HeapBaseMinAddress
#     to set the Java Heap base and to place the Java Heap above 4GB virtual address.
# This output file may be truncated or incomplete.
#
#  Out of Memory Error (allocation.cpp:390), pid=10548, tid=0x000000000000639c
#
# JRE version: Java(TM) SE Runtime Environment (8.0_201-b09) (build 1.8.0_201-b09)
# Java VM: Java HotSpot(TM) 64-Bit Server VM (25.201-b09 mixed mode windows-amd64 compressed oops)
# Failed to write core dump. Minidumps are not enabled by default on client versions of Windows
#

---------------  T H R E A D  ---------------

Current thread (0x0000000019c40800):  JavaThread "C2 CompilerThread1" daemon [_thread_in_native, id=25500, stack(0x000000001a5b0000,0x000000001a6b0000)]

Stack: [0x000000001a5b0000,0x000000001a6b0000]
[error occurred during error reporting (printing stack bounds), id 0xc0000005]

Native frames: (J=compiled Java code, j=interpreted, Vv=VM code, C=native code)


Current CompileTask:
C2:   1366 1386       4       java.net.URLStreamHandler::parseURL (1193 bytes)


---------------  P R O C E S S  ---------------

Java Threads: ( => current thread )
  0x000000001c246000 JavaThread "background-preinit" [_thread_in_vm, id=384, stack(0x000000001c790000,0x000000001c890000)]
  0x000000001b73b800 JavaThread "logback-1" daemon [_thread_blocked, id=2292, stack(0x000000001c480000,0x000000001c580000)]
  0x0000000019e6a000 JavaThread "surefire-forkedjvm-ping-30s" daemon [_thread_blocked, id=29116, stack(0x000000001abb0000,0x000000001acb0000)]
  0x0000000019de5800 JavaThread "surefire-forkedjvm-command-thread" daemon [_thread_in_native, id=24084, stack(0x000000001aab0000,0x000000001abb0000)]
  0x0000000019cd9800 JavaThread "Service Thread" daemon [_thread_blocked, id=30216, stack(0x000000001a8b0000,0x000000001a9b0000)]
  0x0000000019c4a000 JavaThread "C1 CompilerThread3" daemon [_thread_in_native, id=24016, stack(0x000000001a7b0000,0x000000001a8b0000)]
  0x0000000019c44000 JavaThread "C2 CompilerThread2" daemon [_thread_blocked, id=22924, stack(0x000000001a6b0000,0x000000001a7b0000)]
=>0x0000000019c40800 JavaThread "C2 CompilerThread1" daemon [_thread_in_native, id=25500, stack(0x000000001a5b0000,0x000000001a6b0000)]
  0x0000000019c3e000 JavaThread "C2 CompilerThread0" daemon [_thread_blocked, id=29856, stack(0x000000001a4b0000,0x000000001a5b0000)]
  0x0000000019bea800 JavaThread "Attach Listener" daemon [_thread_blocked, id=11528, stack(0x000000001a3b0000,0x000000001a4b0000)]
  0x0000000019be9000 JavaThread "Signal Dispatcher" daemon [_thread_blocked, id=28580, stack(0x000000001a2b0000,0x000000001a3b0000)]
  0x0000000017dd3800 JavaThread "Finalizer" daemon [_thread_blocked, id=3620, stack(0x000000001a0b0000,0x000000001a1b0000)]
  0x0000000002ea7800 JavaThread "Reference Handler" daemon [_thread_blocked, id=27056, stack(0x0000000019fb0000,0x000000001a0b0000)]
  0x0000000002db2800 JavaThread "main" [_thread_in_vm, id=26936, stack(0x0000000002cb0000,0x0000000002db0000)]

Other Threads:
  0x0000000017dc8000 VMThread [stack: 0x0000000019ab0000,0x0000000019bb0000] [id=22712]
  0x0000000019c85000 WatcherThread [stack: 0x000000001a9b0000,0x000000001aab0000] [id=22872]

VM state:not at safepoint (normal execution)

VM Mutex/Monitor currently owned by a thread: None

heap address: 0x0000000082200000, size: 2014 MB, Compressed Oops mode: 32-bit
Narrow klass base: 0x0000000000000000, Narrow klass shift: 3
Compressed class space size: 1073741824 Address: 0x0000000100000000

Heap:
 PSYoungGen      total 37888K, used 29351K [0x00000000d6100000, 0x00000000d8b00000, 0x0000000100000000)
  eden space 32768K, 74% used [0x00000000d6100000,0x00000000d78b0468,0x00000000d8100000)
  from space 5120K, 99% used [0x00000000d8100000,0x00000000d85f99f0,0x00000000d8600000)
  to   space 5120K, 0% used [0x00000000d8600000,0x00000000d8600000,0x00000000d8b00000)
 ParOldGen       total 86016K, used 1024K [0x0000000082200000, 0x0000000087600000, 0x00000000d6100000)
  object space 86016K, 1% used [0x0000000082200000,0x0000000082300160,0x0000000087600000)
 Metaspace       used 17226K, capacity 18264K, committed 18304K, reserved 1064960K
  class space    used 2201K, capacity 2408K, committed 2432K, reserved 1048576K

Card table byte_map: [0x0000000012270000,0x0000000012660000] byte_map_base: 0x0000000011e5f000

Marking Bits: (ParMarkBitMap*) 0x000000006cff4ce0
 Begin Bits: [0x0000000013100000, 0x0000000015078000)
 End Bits:   [0x0000000015078000, 0x0000000016ff0000)

Polling page: 0x0000000001030000

CodeCache: size=245760Kb used=4940Kb max_used=4940Kb free=240819Kb
 bounds [0x0000000002eb0000, 0x0000000003390000, 0x0000000011eb0000]
 total_blobs=1784 nmethods=1413 adapters=283
 compilation: enabled

Compilation events (10 events):
Event: 1.357 Thread 0x0000000019c4a000 1406       3       ch.qos.logback.classic.Logger::getChildByName (68 bytes)
Event: 1.357 Thread 0x0000000019c4a000 nmethod 1406 0x000000000337c290 code [0x000000000337c440, 0x000000000337cae8]
Event: 1.359 Thread 0x0000000019c4a000 1407       3       org.springframework.boot.context.properties.source.ConfigurationPropertyName$ElementsParser::isValidChar (30 bytes)
Event: 1.359 Thread 0x0000000019c4a000 nmethod 1407 0x000000000337bc50 code [0x000000000337bdc0, 0x000000000337c1d0]
Event: 1.359 Thread 0x0000000019c4a000 1408       3       org.springframework.boot.context.properties.source.ConfigurationPropertyName$ElementsParser::isAlpha (18 bytes)
Event: 1.359 Thread 0x0000000019c4a000 nmethod 1408 0x0000000003377410 code [0x0000000003377560, 0x0000000003377730]
Event: 1.359 Thread 0x0000000019c4a000 1409       3       org.springframework.boot.context.properties.source.ConfigurationPropertyName$ElementsParser::updateType (109 bytes)
Event: 1.360 Thread 0x0000000019c4a000 nmethod 1409 0x000000000337f4d0 code [0x000000000337f720, 0x00000000033808d8]
Event: 1.360 Thread 0x0000000019c4a000 1410       1       org.springframework.boot.context.properties.source.ConfigurationPropertyName$Elements::getSize (5 bytes)
Event: 1.360 Thread 0x0000000019c4a000 nmethod 1410 0x000000000337f210 code [0x000000000337f360, 0x000000000337f470]

GC Heap History (6 events):
Event: 0.641 GC heap before
{Heap before GC invocations=1 (full 0):
 PSYoungGen      total 37888K, used 32768K [0x00000000d6100000, 0x00000000d8b00000, 0x0000000100000000)
  eden space 32768K, 100% used [0x00000000d6100000,0x00000000d8100000,0x00000000d8100000)
  from space 5120K, 0% used [0x00000000d8600000,0x00000000d8600000,0x00000000d8b00000)
  to   space 5120K, 0% used [0x00000000d8100000,0x00000000d8100000,0x00000000d8600000)
 ParOldGen       total 86016K, used 0K [0x0000000082200000, 0x0000000087600000, 0x00000000d6100000)
  object space 86016K, 0% used [0x0000000082200000,0x0000000082200000,0x0000000087600000)
 Metaspace       used 7904K, capacity 8234K, committed 8576K, reserved 1056768K
  class space    used 942K, capacity 1061K, committed 1152K, reserved 1048576K
Event: 0.647 GC heap after
Heap after GC invocations=1 (full 0):
 PSYoungGen      total 37888K, used 4412K [0x00000000d6100000, 0x00000000d8b00000, 0x0000000100000000)
  eden space 32768K, 0% used [0x00000000d6100000,0x00000000d6100000,0x00000000d8100000)
  from space 5120K, 86% used [0x00000000d8100000,0x00000000d854f298,0x00000000d8600000)
  to   space 5120K, 0% used [0x00000000d8600000,0x00000000d8600000,0x00000000d8b00000)
 ParOldGen       total 86016K, used 16K [0x0000000082200000, 0x0000000087600000, 0x00000000d6100000)
  object space 86016K, 0% used [0x0000000082200000,0x0000000082204000,0x0000000087600000)
 Metaspace       used 7904K, capacity 8234K, committed 8576K, reserved 1056768K
  class space    used 942K, capacity 1061K, committed 1152K, reserved 1048576K
}
Event: 0.967 GC heap before
{Heap before GC invocations=2 (full 0):
 PSYoungGen      total 37888K, used 37180K [0x00000000d6100000, 0x00000000d8b00000, 0x0000000100000000)
  eden space 32768K, 100% used [0x00000000d6100000,0x00000000d8100000,0x00000000d8100000)
  from space 5120K, 86% used [0x00000000d8100000,0x00000000d854f298,0x00000000d8600000)
  to   space 5120K, 0% used [0x00000000d8600000,0x00000000d8600000,0x00000000d8b00000)
 ParOldGen       total 86016K, used 16K [0x0000000082200000, 0x0000000087600000, 0x00000000d6100000)
  object space 86016K, 0% used [0x0000000082200000,0x0000000082204000,0x0000000087600000)
 Metaspace       used 12306K, capacity 13112K, committed 13312K, reserved 1060864K
  class space    used 1561K, capacity 1734K, committed 1792K, reserved 1048576K
Event: 0.971 GC heap after
Heap after GC invocations=2 (full 0):
 PSYoungGen      total 37888K, used 5105K [0x00000000d6100000, 0x00000000d8b00000, 0x0000000100000000)
  eden space 32768K, 0% used [0x00000000d6100000,0x00000000d6100000,0x00000000d8100000)
  from space 5120K, 99% used [0x00000000d8600000,0x00000000d8afc5f0,0x00000000d8b00000)
  to   space 5120K, 0% used [0x00000000d8100000,0x00000000d8100000,0x00000000d8600000)
 ParOldGen       total 86016K, used 323K [0x0000000082200000, 0x0000000087600000, 0x00000000d6100000)
  object space 86016K, 0% used [0x0000000082200000,0x0000000082250ca8,0x0000000087600000)
 Metaspace       used 12306K, capacity 13112K, committed 13312K, reserved 1060864K
  class space    used 1561K, capacity 1734K, committed 1792K, reserved 1048576K
}
Event: 1.189 GC heap before
{Heap before GC invocations=3 (full 0):
 PSYoungGen      total 37888K, used 37873K [0x00000000d6100000, 0x00000000d8b00000, 0x0000000100000000)
  eden space 32768K, 99% used [0x00000000d6100000,0x00000000d80ffe10,0x00000000d8100000)
  from space 5120K, 99% used [0x00000000d8600000,0x00000000d8afc5f0,0x00000000d8b00000)
  to   space 5120K, 0% used [0x00000000d8100000,0x00000000d8100000,0x00000000d8600000)
 ParOldGen       total 86016K, used 323K [0x0000000082200000, 0x0000000087600000, 0x00000000d6100000)
  object space 86016K, 0% used [0x0000000082200000,0x0000000082250ca8,0x0000000087600000)
 Metaspace       used 15022K, capacity 15980K, committed 16256K, reserved 1062912K
  class space    used 1914K, capacity 2114K, committed 2176K, reserved 1048576K
Event: 1.193 GC heap after
Heap after GC invocations=3 (full 0):
 PSYoungGen      total 37888K, used 5094K [0x00000000d6100000, 0x00000000d8b00000, 0x0000000100000000)
  eden space 32768K, 0% used [0x00000000d6100000,0x00000000d6100000,0x00000000d8100000)
  from space 5120K, 99% used [0x00000000d8100000,0x00000000d85f99f0,0x00000000d8600000)
  to   space 5120K, 0% used [0x00000000d8600000,0x00000000d8600000,0x00000000d8b00000)
 ParOldGen       total 86016K, used 1024K [0x0000000082200000, 0x0000000087600000, 0x00000000d6100000)
  object space 86016K, 1% used [0x0000000082200000,0x0000000082300160,0x0000000087600000)
 Metaspace       used 15022K, capacity 15980K, committed 16256K, reserved 1062912K
  class space    used 1914K, capacity 2114K, committed 2176K, reserved 1048576K
}

Deoptimization events (10 events):
Event: 0.990 Thread 0x0000000002db2800 Uncommon trap: reason=class_check action=maybe_recompile pc=0x0000000003097020 method=java.lang.String.equals(Ljava/lang/Object;)Z @ 8
Event: 0.990 Thread 0x0000000002db2800 Uncommon trap: reason=class_check action=maybe_recompile pc=0x0000000003097020 method=java.lang.String.equals(Ljava/lang/Object;)Z @ 8
Event: 1.000 Thread 0x0000000002db2800 Uncommon trap: reason=class_check action=maybe_recompile pc=0x0000000003097020 method=java.lang.String.equals(Ljava/lang/Object;)Z @ 8
Event: 1.022 Thread 0x0000000002db2800 Uncommon trap: reason=unstable_if action=reinterpret pc=0x000000000323a2e4 method=java.util.Properties$LineReader.readLine()I @ 457
Event: 1.084 Thread 0x0000000002db2800 Uncommon trap: reason=predicate action=maybe_recompile pc=0x00000000032d3a90 method=java.lang.String.regionMatches(ZILjava/lang/String;II)Z @ 63
Event: 1.115 Thread 0x0000000002db2800 Uncommon trap: reason=unstable_if action=reinterpret pc=0x00000000032e7ee4 method=jdk.internal.org.objectweb.asm.Item.isEqualTo(Ljdk/internal/org/objectweb/asm/Item;)Z @ 331
Event: 1.123 Thread 0x0000000002db2800 Uncommon trap: reason=unstable_if action=reinterpret pc=0x00000000032ce9b4 method=java.util.Properties$LineReader.readLine()I @ 105
Event: 1.143 Thread 0x0000000002db2800 Uncommon trap: reason=range_check action=make_not_entrant pc=0x0000000003135960 method=sun.reflect.generics.parser.SignatureParser.current()C @ 34
Event: 1.343 Thread 0x0000000002db2800 Uncommon trap: reason=unstable_if action=reinterpret pc=0x000000000327c398 method=java.util.HashMap.putVal(ILjava/lang/Object;Ljava/lang/Object;ZZ)Ljava/lang/Object; @ 236
Event: 1.346 Thread 0x0000000002db2800 Uncommon trap: reason=unstable_if action=reinterpret pc=0x000000000333321c method=java.util.concurrent.ConcurrentHashMap.putVal(Ljava/lang/Object;Ljava/lang/Object;Z)Ljava/lang/Object; @ 181

Classes redefined (0 events):
No events

Internal exceptions (10 events):
Event: 1.011 Thread 0x0000000002db2800 Exception <a 'java/lang/NoSuchMethodError': org.slf4j.impl.StaticMDCBinder.getSingleton()Lorg/slf4j/impl/StaticMDCBinder;> (0x00000000d66f3b00) thrown at [C:\re\workspace\8-2-build-windows-amd64-cygwin\jdk8u201\12322\hotspot\src\share\vm\interpreter\linkR
Event: 1.123 Thread 0x0000000002db2800 Implicit null exception at 0x00000000032ce199 to 0x00000000032ce981
Event: 1.134 Thread 0x0000000002db2800 Exception <a 'java/lang/NoSuchMethodError': java.lang.Object.lambda$static$0(Ljava/lang/Object;)Ljava/lang/Object;> (0x00000000d77db660) thrown at [C:\re\workspace\8-2-build-windows-amd64-cygwin\jdk8u201\12322\hotspot\src\share\vm\interpreter\linkResolver
Event: 1.143 Thread 0x0000000002db2800 Exception <a 'java/lang/ArrayIndexOutOfBoundsException': 18> (0x00000000d796eef0) thrown at [C:\re\workspace\8-2-build-windows-amd64-cygwin\jdk8u201\12322\hotspot\src\share\vm\interpreter\interpreterRuntime.cpp, line 368]
Event: 1.144 Thread 0x0000000002db2800 Exception <a 'java/lang/ArrayIndexOutOfBoundsException': 182> (0x00000000d7970df8) thrown at [C:\re\workspace\8-2-build-windows-amd64-cygwin\jdk8u201\12322\hotspot\src\share\vm\interpreter\interpreterRuntime.cpp, line 368]
Event: 1.144 Thread 0x0000000002db2800 Exception <a 'java/lang/ArrayIndexOutOfBoundsException': 60> (0x00000000d7972428) thrown at [C:\re\workspace\8-2-build-windows-amd64-cygwin\jdk8u201\12322\hotspot\src\share\vm\interpreter\interpreterRuntime.cpp, line 368]
Event: 1.291 Thread 0x0000000002db2800 Exception <a 'java/lang/NoClassDefFoundError': org/springframework/transaction/interceptor/TransactionAttributeSource> (0x00000000d6cff340) thrown at [C:\re\workspace\8-2-build-windows-amd64-cygwin\jdk8u201\12322\hotspot\src\share\vm\classfile\systemDicti
Event: 1.292 Thread 0x0000000002db2800 Exception <a 'java/lang/NoClassDefFoundError': org/springframework/transaction/interceptor/TransactionAttribute> (0x00000000d6d20e68) thrown at [C:\re\workspace\8-2-build-windows-amd64-cygwin\jdk8u201\12322\hotspot\src\share\vm\classfile\systemDictionary.
Event: 1.298 Thread 0x0000000002db2800 Exception <a 'java/lang/IncompatibleClassChangeError': Found class java.lang.Object, but interface was expected> (0x00000000d6dd62d8) thrown at [C:\re\workspace\8-2-build-windows-amd64-cygwin\jdk8u201\12322\hotspot\src\share\vm\interpreter\linkResolver.cp
Event: 1.361 Thread 0x0000000002db2800 Exception <a 'java/lang/NoSuchMethodError': java.lang.Object.lambda$chars$0()Ljava/util/Spliterator$OfInt;> (0x00000000d772e638) thrown at [C:\re\workspace\8-2-build-windows-amd64-cygwin\jdk8u201\12322\hotspot\src\share\vm\interpreter\linkResolver.cpp, li

Events (10 events):
Event: 1.363 loading class javax/validation/MessageInterpolator done
Event: 1.363 loading class java/util/stream/IntStream
Event: 1.363 loading class java/util/stream/IntStream done
Event: 1.363 loading class java/util/stream/IntPipeline done
Event: 1.363 loading class java/util/stream/IntPipeline$Head done
Event: 1.364 loading class org/hibernate/validator/cfg/ConstraintMapping
Event: 1.364 loading class org/hibernate/validator/cfg/ConstraintMapping done
Event: 1.364 loading class java/util/function/IntPredicate
Event: 1.364 loading class org/hibernate/validator/internal/util/Version
Event: 1.364 loading class org/hibernate/validator/internal/util/Version done


Dynamic libraries:
0x00007ff78e3f0000 - 0x00007ff78e427000 	D:\Java\jdk1.8.0_201\jre\bin\java.exe
0x00007ffd21f60000 - 0x00007ffd2214d000 	C:\Windows\SYSTEM32\ntdll.dll
0x00007ffd20680000 - 0x00007ffd20733000 	C:\Windows\System32\KERNEL32.DLL
0x00007ffd1e890000 - 0x00007ffd1eb23000 	C:\Windows\System32\KERNELBASE.dll
0x00007ffd20740000 - 0x00007ffd207e3000 	C:\Windows\System32\ADVAPI32.dll
0x00007ffd1fcc0000 - 0x00007ffd1fd5e000 	C:\Windows\System32\msvcrt.dll
0x00007ffd201b0000 - 0x00007ffd2024e000 	C:\Windows\System32\sechost.dll
0x00007ffd202f0000 - 0x00007ffd20412000 	C:\Windows\System32\RPCRT4.dll
0x00007ffd1fb20000 - 0x00007ffd1fcb7000 	C:\Windows\System32\USER32.dll
0x00007ffd1e070000 - 0x00007ffd1e090000 	C:\Windows\System32\win32u.dll
0x00007ffd20650000 - 0x00007ffd20679000 	C:\Windows\System32\GDI32.dll
0x00007ffd1ed90000 - 0x00007ffd1ef29000 	C:\Windows\System32\gdi32full.dll
0x00007ffd1efe0000 - 0x00007ffd1f080000 	C:\Windows\System32\msvcp_win.dll
0x00007ffd1f080000 - 0x00007ffd1f17a000 	C:\Windows\System32\ucrtbase.dll
0x00007ffd0aff0000 - 0x00007ffd0b269000 	C:\Windows\WinSxS\amd64_microsoft.windows.common-controls_6595b64144ccf1df_6.0.17763.1098_none_de762ed45346ee8a\COMCTL32.dll
0x00007ffd1f290000 - 0x00007ffd1f5bc000 	C:\Windows\System32\combase.dll
0x00007ffd1ed10000 - 0x00007ffd1ed8e000 	C:\Windows\System32\bcryptPrimitives.dll
0x00007ffd1f260000 - 0x00007ffd1f28e000 	C:\Windows\System32\IMM32.DLL
0x000000006d080000 - 0x000000006d151000 	D:\Java\jdk1.8.0_201\jre\bin\msvcr100.dll
0x000000006c7d0000 - 0x000000006d074000 	D:\Java\jdk1.8.0_201\jre\bin\server\jvm.dll
0x00007ffd20140000 - 0x00007ffd20148000 	C:\Windows\System32\PSAPI.DLL
0x00007ffd069a0000 - 0x00007ffd069a9000 	C:\Windows\SYSTEM32\WSOCK32.dll
0x00007ffd177a0000 - 0x00007ffd177c4000 	C:\Windows\SYSTEM32\WINMM.dll
0x00007ffd150a0000 - 0x00007ffd150aa000 	C:\Windows\SYSTEM32\VERSION.dll
0x00007ffd20280000 - 0x00007ffd202ed000 	C:\Windows\System32\WS2_32.dll
0x00007ffd17770000 - 0x00007ffd1779d000 	C:\Windows\SYSTEM32\WINMMBASE.dll
0x00007ffd1e840000 - 0x00007ffd1e88a000 	C:\Windows\System32\cfgmgr32.dll
0x00007ffd12d00000 - 0x00007ffd12d0f000 	D:\Java\jdk1.8.0_201\jre\bin\verify.dll
0x00007ffd12cd0000 - 0x00007ffd12cf9000 	D:\Java\jdk1.8.0_201\jre\bin\java.dll
0x00007ffd12cb0000 - 0x00007ffd12cc6000 	D:\Java\jdk1.8.0_201\jre\bin\zip.dll
0x00007ffd208a0000 - 0x00007ffd21d94000 	C:\Windows\System32\SHELL32.dll
0x00007ffd207f0000 - 0x00007ffd20898000 	C:\Windows\System32\shcore.dll
0x00007ffd1e0f0000 - 0x00007ffd1e83d000 	C:\Windows\System32\windows.storage.dll
0x00007ffd1dfd0000 - 0x00007ffd1dff4000 	C:\Windows\System32\profapi.dll
0x00007ffd1df50000 - 0x00007ffd1dfad000 	C:\Windows\System32\powrprof.dll
0x00007ffd1fa40000 - 0x00007ffd1fa92000 	C:\Windows\System32\shlwapi.dll
0x00007ffd1dfb0000 - 0x00007ffd1dfc1000 	C:\Windows\System32\kernel.appcore.dll
0x00007ffd1e050000 - 0x00007ffd1e067000 	C:\Windows\System32\cryptsp.dll
0x00007ffd12c30000 - 0x00007ffd12c3d000 	D:\Java\jdk1.8.0_201\jre\bin\management.dll
0x00007ffd11c30000 - 0x00007ffd11c4a000 	D:\Java\jdk1.8.0_201\jre\bin\net.dll
0x00007ffd0e380000 - 0x00007ffd0e557000 	C:\Windows\SYSTEM32\urlmon.dll
0x00007ffd0e0d0000 - 0x00007ffd0e378000 	C:\Windows\SYSTEM32\iertutil.dll
0x00007ffd1d9a0000 - 0x00007ffd1d9ac000 	C:\Windows\SYSTEM32\CRYPTBASE.DLL
0x00007ffd1d770000 - 0x00007ffd1d7d7000 	C:\Windows\system32\mswsock.dll
0x00007ffd119b0000 - 0x00007ffd119c1000 	D:\Java\jdk1.8.0_201\jre\bin\nio.dll

VM Arguments:
java_command: C:\Users\ADMINI~1\AppData\Local\Temp\surefire133477025367252169\surefirebooter4107787364072030090.jar C:\Users\Administrator\AppData\Local\Temp\surefire133477025367252169 2020-04-16T17-19-11_763-jvmRun1 surefire5491045773321922562tmp surefire_03770544669933201390tmp
java_class_path (initial): C:\Users\ADMINI~1\AppData\Local\Temp\surefire133477025367252169\surefirebooter4107787364072030090.jar
Launcher Type: SUN_STANDARD

Environment Variables:
JAVA_HOME=D:\Java\jdk1.8.0_201
CLASSPATH=.;D:\Java\jdk1.8.0_201\lib\dt.jar;D:\Java\jdk1.8.0_201\lib\tools.jar;
PATH=C:\Program Files (x86)\Microsoft SDKs\Azure\CLI2\wbin;C:\Python27\;C:\Python27\Scripts;C:\Program Files (x86)\Common Files\Oracle\Java\javapath;C:\Windows\system32;C:\Windows;C:\Windows\System32\Wbem;C:\Windows\System32\WindowsPowerShell\v1.0\;C:\Windows\System32\OpenSSH\;D:\Java\jdk1.8.0_201\bin;D:\Java\jdk1.8.0_201\jre\bin;D:\TortoiseSVN\bin;D:\Git\cmd;D:\gradle-5.3.1\bin;D:\Redis-x64-3.2.100;C:\Program Files\MySQL\MySQL Server 8.0\bin;D:\Go\bin;D:\nodejs\;C:\ProgramData\chocolatey\bin;D:\Vim\vim82;C:\Program Files\dotnet\;C:\Program Files\Microsoft SQL Server\130\Tools\Binn\;C:\Program Files\Microsoft SQL Server\Client SDK\ODBC\170\Tools\Binn\;C:\Program Files\MySQL\MySQL Server 8.0\bin;C:\Users\Administrator\go\bin;D:\Microsoft VS Code\bin;C:\Users\Administrator\AppData\Local\GitHubDesktop\bin;C:\Users\Administrator\AppData\Roaming\npm;C:\Program Files\Microsoft SQL Server\150\DAC\bin\;C:\Program Files\MySQL\MySQL Server 8.0\bin;C:\Users\Administrator\go\bin;D:\Microsoft VS Code\bin;C:\Users\Administrator\AppData\Local\GitHubDesktop\bin;C:\Users\Administra;D:\azcopy_windows_amd64_10.3.3\azcopy_windows_amd64_10.3.3;C:\Program Files (x86)\Microsoft SQL Server\150\Tools\Binn\;C:\Program Files\Microsoft SQL Server\150\Tools\Binn\;C:\Program Files\Microsoft SQL Server\150\DTS\Binn\;D:\Git\mingw64\bin\;D:\Git\usr\bin\;E:\apache-maven-3.6.3-bin\apache-maven-3.6.3\bin\;C:\Program Files\MySQL\MySQL Server 8.0\bin;C:\Users\Administrator\go\bin;D:\Microsoft VS Code\bin;C:\Users\Administrator\AppData\Local\GitHubDesktop\bin;C:\Users\Administrator\AppData\Roaming\npm
USERNAME=Administrator
OS=Windows_NT
PROCESSOR_IDENTIFIER=Intel64 Family 6 Model 142 Stepping 10, GenuineIntel



---------------  S Y S T E M  ---------------

OS: Windows 10.0 , 64 bit Build 17763 (10.0.17763.475)

CPU:total 8 (initial active 8) (4 cores per cpu, 2 threads per core) family 6 model 142 stepping 10, cmov, cx8, fxsr, mmx, sse, sse2, sse3, ssse3, sse4.1, sse4.2, popcnt, avx, avx2, aes, clmul, erms, 3dnowpref, lzcnt, ht, tsc, tscinvbit, bmi1, bmi2, adx

Memory: 4k page, physical 8246028k(467584k free), swap 19763848k(4956k free)

vm_info: Java HotSpot(TM) 64-Bit Server VM (25.201-b09) for windows-amd64 JRE (1.8.0_201-b09), built on Dec 15 2018 18:36:39 by "java_re" with MS VC++ 10.0 (VS2010)

time: Thu Apr 16 17:19:13 2020
timezone: China Standard Time
elapsed time: 1 seconds (0d 0h 0m 1s)

