2020-04-16 15:04:12.838 INFO  org.springframework.boot.test.context.SpringBootTestContextBootstrapper Neither @ContextConfiguration nor @ContextHierarchy found for test class [com.jackie.replace.ReplaceApplicationTests], using SpringBootContextLoader
2020-04-16 15:04:12.846 INFO  org.springframework.test.context.support.AbstractContextLoader Could not detect default resource locations for test class [com.jackie.replace.ReplaceApplicationTests]: no resource found for suffixes {-context.xml, Context.groovy}.
2020-04-16 15:04:12.847 INFO  org.springframework.test.context.support.AnnotationConfigContextLoaderUtils Could not detect default configuration classes for test class [com.jackie.replace.ReplaceApplicationTests]: ReplaceApplicationTests does not declare any static, non-private, non-final, nested classes annotated with @Configuration.
2020-04-16 15:04:12.990 INFO  org.springframework.boot.test.context.SpringBootTestContextBootstrapper Found @SpringBootConfiguration com.jackie.replace.ReplaceApplication for test class com.jackie.replace.ReplaceApplicationTests
2020-04-16 15:04:13.279 INFO  org.springframework.boot.test.context.SpringBootTestContextBootstrapper Loaded default TestExecutionListener class names from location [META-INF/spring.factories]: [org.springframework.boot.test.mock.mockito.MockitoTestExecutionListener, org.springframework.boot.test.mock.mockito.ResetMocksTestExecutionListener, org.springframework.boot.test.autoconfigure.restdocs.RestDocsTestExecutionListener, org.springframework.boot.test.autoconfigure.web.client.MockRestServiceServerResetTestExecutionListener, org.springframework.boot.test.autoconfigure.web.servlet.MockMvcPrintOnlyOnFailureTestExecutionListener, org.springframework.boot.test.autoconfigure.web.servlet.WebDriverTestExecutionListener, org.springframework.test.context.web.ServletTestExecutionListener, org.springframework.test.context.support.DirtiesContextBeforeModesTestExecutionListener, org.springframework.test.context.support.DependencyInjectionTestExecutionListener, org.springframework.test.context.support.DirtiesContextTestExecutionListener, org.springframework.test.context.transaction.TransactionalTestExecutionListener, org.springframework.test.context.jdbc.SqlScriptsTestExecutionListener, org.springframework.test.context.event.EventPublishingTestExecutionListener]
2020-04-16 15:04:13.297 INFO  org.springframework.boot.test.context.SpringBootTestContextBootstrapper Using TestExecutionListeners: [org.springframework.test.context.web.ServletTestExecutionListener@48b67364, org.springframework.test.context.support.DirtiesContextBeforeModesTestExecutionListener@189cbd7c, org.springframework.boot.test.mock.mockito.MockitoTestExecutionListener@7bf3a5d8, org.springframework.boot.test.autoconfigure.SpringBootDependencyInjectionTestExecutionListener@42e25b0b, org.springframework.test.context.support.DirtiesContextTestExecutionListener@39b43d60, org.springframework.test.context.event.EventPublishingTestExecutionListener@44be0077, org.springframework.boot.test.mock.mockito.ResetMocksTestExecutionListener@2205a05d, org.springframework.boot.test.autoconfigure.restdocs.RestDocsTestExecutionListener@72ef8d15, org.springframework.boot.test.autoconfigure.web.client.MockRestServiceServerResetTestExecutionListener@6aa8e115, org.springframework.boot.test.autoconfigure.web.servlet.MockMvcPrintOnlyOnFailureTestExecutionListener@5e21e98f, org.springframework.boot.test.autoconfigure.web.servlet.WebDriverTestExecutionListener@51a9ad5e]
2020-04-16 15:04:13.775 INFO  com.jackie.replace.ReplaceApplicationTests Starting ReplaceApplicationTests on DESKTOP-JQ1HOMA with PID 28364 (started by Administrator in E:\replace_azure_config)
2020-04-16 15:04:13.776 INFO  com.jackie.replace.ReplaceApplicationTests No active profile set, falling back to default profiles: default
2020-04-16 15:04:15.874 INFO  org.springframework.scheduling.concurrent.ThreadPoolTaskExecutor Initializing ExecutorService 'applicationTaskExecutor'
2020-04-16 15:04:16.303 INFO  com.jackie.replace.ReplaceApplicationTests Started ReplaceApplicationTests in 2.952 seconds (JVM running for 5.116)
2020-04-16 15:04:16.646 INFO  org.springframework.scheduling.concurrent.ThreadPoolTaskExecutor Shutting down ExecutorService 'applicationTaskExecutor'
2020-04-16 15:04:37.807 INFO  com.jackie.replace.ReplaceApplication Starting ReplaceApplication on DESKTOP-JQ1HOMA with PID 21944 (E:\replace_azure_config\target\classes started by Administrator in E:\replace_azure_config)
2020-04-16 15:04:37.811 INFO  com.jackie.replace.ReplaceApplication No active profile set, falling back to default profiles: default
2020-04-16 15:04:38.878 INFO  org.springframework.boot.web.embedded.tomcat.TomcatWebServer Tomcat initialized with port(s): 8088 (http)
2020-04-16 15:04:38.887 INFO  org.apache.coyote.http11.Http11NioProtocol Initializing ProtocolHandler ["http-nio-8088"]
2020-04-16 15:04:38.888 INFO  org.apache.catalina.core.StandardService Starting service [Tomcat]
2020-04-16 15:04:38.888 INFO  org.apache.catalina.core.StandardEngine Starting Servlet engine: [Apache Tomcat/9.0.33]
2020-04-16 15:04:39.066 INFO  org.apache.catalina.core.ContainerBase.[Tomcat].[localhost].[/] Initializing Spring embedded WebApplicationContext
2020-04-16 15:04:39.066 INFO  org.springframework.web.context.ContextLoader Root WebApplicationContext: initialization completed in 1202 ms
2020-04-16 15:04:39.393 INFO  org.springframework.scheduling.concurrent.ThreadPoolTaskExecutor Initializing ExecutorService 'applicationTaskExecutor'
2020-04-16 15:04:39.551 INFO  org.apache.coyote.http11.Http11NioProtocol Starting ProtocolHandler ["http-nio-8088"]
2020-04-16 15:04:39.573 INFO  org.springframework.boot.web.embedded.tomcat.TomcatWebServer Tomcat started on port(s): 8088 (http) with context path ''
2020-04-16 15:04:39.577 INFO  com.jackie.replace.ReplaceApplication Started ReplaceApplication in 2.163 seconds (JVM running for 5.161)
2020-04-16 15:04:53.603 INFO  org.apache.catalina.core.ContainerBase.[Tomcat].[localhost].[/] Initializing Spring DispatcherServlet 'dispatcherServlet'
2020-04-16 15:04:53.603 INFO  org.springframework.web.servlet.DispatcherServlet Initializing Servlet 'dispatcherServlet'
2020-04-16 15:04:53.609 INFO  org.springframework.web.servlet.DispatcherServlet Completed initialization in 6 ms
2020-04-16 15:04:56.812 INFO  com.microsoft.aad.adal4j.AuthenticationAuthority [Correlation ID: c28d4498-4415-4661-9c1f-b7f9c0451c56] Instance discovery was successful
2020-04-16 15:04:57.279 INFO  com.microsoft.azure.management.appservice.WebApps getByResourceGroup --> GET https://management.chinacloudapi.cn/subscriptions/c06e76a4-c22b-456a-9026-cd0e802daad1/resourceGroups/free/providers/Microsoft.Web/sites/wise-basic-service?api-version=2019-08-01
2020-04-16 15:04:57.334 INFO  com.microsoft.azure.management.appservice.WebApps getByResourceGroup <-- 404 Not Found https://management.chinacloudapi.cn/subscriptions/c06e76a4-c22b-456a-9026-cd0e802daad1/resourceGroups/free/providers/Microsoft.Web/sites/wise-basic-service?api-version=2019-08-01 (53 ms, 96-byte body)
2020-04-16 15:05:34.154 INFO  org.springframework.scheduling.concurrent.ThreadPoolTaskExecutor Shutting down ExecutorService 'applicationTaskExecutor'
2020-04-16 15:05:55.311 INFO  org.springframework.boot.test.context.SpringBootTestContextBootstrapper Neither @ContextConfiguration nor @ContextHierarchy found for test class [com.jackie.replace.ReplaceApplicationTests], using SpringBootContextLoader
2020-04-16 15:05:55.317 INFO  org.springframework.test.context.support.AbstractContextLoader Could not detect default resource locations for test class [com.jackie.replace.ReplaceApplicationTests]: no resource found for suffixes {-context.xml, Context.groovy}.
2020-04-16 15:05:55.318 INFO  org.springframework.test.context.support.AnnotationConfigContextLoaderUtils Could not detect default configuration classes for test class [com.jackie.replace.ReplaceApplicationTests]: ReplaceApplicationTests does not declare any static, non-private, non-final, nested classes annotated with @Configuration.
2020-04-16 15:05:55.430 INFO  org.springframework.boot.test.context.SpringBootTestContextBootstrapper Found @SpringBootConfiguration com.jackie.replace.ReplaceApplication for test class com.jackie.replace.ReplaceApplicationTests
2020-04-16 15:05:55.560 INFO  org.springframework.boot.test.context.SpringBootTestContextBootstrapper Loaded default TestExecutionListener class names from location [META-INF/spring.factories]: [org.springframework.boot.test.mock.mockito.MockitoTestExecutionListener, org.springframework.boot.test.mock.mockito.ResetMocksTestExecutionListener, org.springframework.boot.test.autoconfigure.restdocs.RestDocsTestExecutionListener, org.springframework.boot.test.autoconfigure.web.client.MockRestServiceServerResetTestExecutionListener, org.springframework.boot.test.autoconfigure.web.servlet.MockMvcPrintOnlyOnFailureTestExecutionListener, org.springframework.boot.test.autoconfigure.web.servlet.WebDriverTestExecutionListener, org.springframework.test.context.web.ServletTestExecutionListener, org.springframework.test.context.support.DirtiesContextBeforeModesTestExecutionListener, org.springframework.test.context.support.DependencyInjectionTestExecutionListener, org.springframework.test.context.support.DirtiesContextTestExecutionListener, org.springframework.test.context.transaction.TransactionalTestExecutionListener, org.springframework.test.context.jdbc.SqlScriptsTestExecutionListener, org.springframework.test.context.event.EventPublishingTestExecutionListener]
2020-04-16 15:05:55.575 INFO  org.springframework.boot.test.context.SpringBootTestContextBootstrapper Using TestExecutionListeners: [org.springframework.test.context.web.ServletTestExecutionListener@48b67364, org.springframework.test.context.support.DirtiesContextBeforeModesTestExecutionListener@189cbd7c, org.springframework.boot.test.mock.mockito.MockitoTestExecutionListener@7bf3a5d8, org.springframework.boot.test.autoconfigure.SpringBootDependencyInjectionTestExecutionListener@42e25b0b, org.springframework.test.context.support.DirtiesContextTestExecutionListener@39b43d60, org.springframework.test.context.event.EventPublishingTestExecutionListener@44be0077, org.springframework.boot.test.mock.mockito.ResetMocksTestExecutionListener@2205a05d, org.springframework.boot.test.autoconfigure.restdocs.RestDocsTestExecutionListener@72ef8d15, org.springframework.boot.test.autoconfigure.web.client.MockRestServiceServerResetTestExecutionListener@6aa8e115, org.springframework.boot.test.autoconfigure.web.servlet.MockMvcPrintOnlyOnFailureTestExecutionListener@5e21e98f, org.springframework.boot.test.autoconfigure.web.servlet.WebDriverTestExecutionListener@51a9ad5e]
2020-04-16 15:05:55.875 INFO  com.jackie.replace.ReplaceApplicationTests Starting ReplaceApplicationTests on DESKTOP-JQ1HOMA with PID 10228 (started by Administrator in E:\replace_azure_config)
2020-04-16 15:05:55.877 INFO  com.jackie.replace.ReplaceApplicationTests No active profile set, falling back to default profiles: default
2020-04-16 15:05:57.496 INFO  org.springframework.scheduling.concurrent.ThreadPoolTaskExecutor Initializing ExecutorService 'applicationTaskExecutor'
2020-04-16 15:05:57.896 INFO  com.jackie.replace.ReplaceApplicationTests Started ReplaceApplicationTests in 2.283 seconds (JVM running for 3.422)
2020-04-16 15:05:58.227 INFO  org.springframework.scheduling.concurrent.ThreadPoolTaskExecutor Shutting down ExecutorService 'applicationTaskExecutor'
2020-04-16 15:06:14.692 INFO  com.jackie.replace.ReplaceApplication Starting ReplaceApplication on DESKTOP-JQ1HOMA with PID 27748 (E:\replace_azure_config\target\classes started by Administrator in E:\replace_azure_config)
2020-04-16 15:06:14.696 INFO  com.jackie.replace.ReplaceApplication No active profile set, falling back to default profiles: default
2020-04-16 15:06:16.025 INFO  org.springframework.boot.web.embedded.tomcat.TomcatWebServer Tomcat initialized with port(s): 8088 (http)
2020-04-16 15:06:16.033 INFO  org.apache.coyote.http11.Http11NioProtocol Initializing ProtocolHandler ["http-nio-8088"]
2020-04-16 15:06:16.034 INFO  org.apache.catalina.core.StandardService Starting service [Tomcat]
2020-04-16 15:06:16.034 INFO  org.apache.catalina.core.StandardEngine Starting Servlet engine: [Apache Tomcat/9.0.33]
2020-04-16 15:06:16.186 INFO  org.apache.catalina.core.ContainerBase.[Tomcat].[localhost].[/] Initializing Spring embedded WebApplicationContext
2020-04-16 15:06:16.186 INFO  org.springframework.web.context.ContextLoader Root WebApplicationContext: initialization completed in 1420 ms
2020-04-16 15:06:16.435 INFO  org.springframework.scheduling.concurrent.ThreadPoolTaskExecutor Initializing ExecutorService 'applicationTaskExecutor'
2020-04-16 15:06:16.586 INFO  org.apache.coyote.http11.Http11NioProtocol Starting ProtocolHandler ["http-nio-8088"]
2020-04-16 15:06:16.610 INFO  org.springframework.boot.web.embedded.tomcat.TomcatWebServer Tomcat started on port(s): 8088 (http) with context path ''
2020-04-16 15:06:16.614 INFO  com.jackie.replace.ReplaceApplication Started ReplaceApplication in 2.751 seconds (JVM running for 5.068)
2020-04-16 15:23:47.682 INFO  org.apache.catalina.core.ContainerBase.[Tomcat].[localhost].[/] Initializing Spring DispatcherServlet 'dispatcherServlet'
2020-04-16 15:23:47.683 INFO  org.springframework.web.servlet.DispatcherServlet Initializing Servlet 'dispatcherServlet'
2020-04-16 15:23:47.690 INFO  org.springframework.web.servlet.DispatcherServlet Completed initialization in 7 ms
2020-04-16 15:23:51.573 INFO  com.microsoft.aad.adal4j.AuthenticationAuthority [Correlation ID: 74d5a0d7-1765-4b25-85bb-61e32e140a83] Instance discovery was successful
2020-04-16 15:23:52.099 INFO  com.microsoft.azure.management.appservice.WebApps getByResourceGroup --> GET https://management.chinacloudapi.cn/subscriptions/c06e76a4-c22b-456a-9026-cd0e802daad1/resourceGroups/free/providers/Microsoft.Web/sites/wise-basic-service?api-version=2019-08-01
2020-04-16 15:23:52.140 INFO  com.microsoft.azure.management.appservice.WebApps getByResourceGroup <-- 404 Not Found https://management.chinacloudapi.cn/subscriptions/c06e76a4-c22b-456a-9026-cd0e802daad1/resourceGroups/free/providers/Microsoft.Web/sites/wise-basic-service?api-version=2019-08-01 (40 ms, 96-byte body)
2020-04-16 16:18:55.932 INFO  org.springframework.scheduling.concurrent.ThreadPoolTaskExecutor Shutting down ExecutorService 'applicationTaskExecutor'
